2024-12-04 17:09:43,512 - E:\code\ingchips\upper_computer\AutoTestSerialTools\main.py[line:98] - DEBUG: 初始化主程序:
2024-12-04 17:09:43,720 - E:\code\ingchips\upper_computer\AutoTestSerialTools\main.py[line:313] - WARNING: No update_plan_builder available, returning empty plan.
2024-12-04 17:09:48,917 - E:\code\ingchips\upper_computer\AutoTestSerialTools\main.py[line:469] - DEBUG: 更新可用串口列表
2024-12-04 17:09:48,917 - E:\code\ingchips\upper_computer\AutoTestSerialTools\main.py[line:489] - DEBUG: 更新串口列表时间0.0s
2024-12-04 17:09:48,917 - E:\code\ingchips\upper_computer\AutoTestSerialTools\main.py[line:252] - DEBUG: 当前系统可用端口:[('COM3', 'JLink CDC UART Port (COM3)'), ('COM4', '蓝牙链接上的标准串行 (COM4)'), ('COM5', '蓝牙链接上的标准串行 (COM5)'), ('COM6', 'USB-SERIAL CH340 (COM6)'), ('COM8', 'USB-SERIAL CH340 (COM8)')]
2024-12-04 17:09:48,918 - E:\code\ingchips\upper_computer\AutoTestSerialTools\main.py[line:255] - DEBUG: 初始化主程序完成
2024-12-04 17:09:51,287 - E:\code\ingchips\upper_computer\AutoTestSerialTools\main.py[line:619] - ERROR: 端口could not open port 'COM3': PermissionError(13, '拒绝访问。', None, 5)打开出错
2024-12-04 17:10:00,724 - E:\code\ingchips\upper_computer\AutoTestSerialTools\main.py[line:619] - ERROR: 端口could not open port 'COM3': PermissionError(13, '拒绝访问。', None, 5)打开出错
2024-12-04 17:10:02,796 - E:\code\ingchips\upper_computer\AutoTestSerialTools\main.py[line:619] - ERROR: 端口could not open port 'COM3': PermissionError(13, '拒绝访问。', None, 5)打开出错
2024-12-04 17:10:05,985 - E:\code\ingchips\upper_computer\AutoTestSerialTools\main.py[line:566] - DEBUG: 端口COM3未打开
2024-12-04 17:10:07,145 - E:\code\ingchips\upper_computer\AutoTestSerialTools\main.py[line:619] - ERROR: 端口could not open port 'COM3': PermissionError(13, '拒绝访问。', None, 5)打开出错
2024-12-04 17:10:09,504 - E:\code\ingchips\upper_computer\AutoTestSerialTools\main.py[line:619] - ERROR: 端口could not open port 'COM3': PermissionError(13, '拒绝访问。', None, 5)打开出错
2024-12-04 17:10:12,207 - E:\code\ingchips\upper_computer\AutoTestSerialTools\main.py[line:619] - ERROR: 端口could not open port 'COM3': PermissionError(13, '拒绝访问。', None, 5)打开出错
2024-12-04 17:10:14,958 - E:\code\ingchips\upper_computer\AutoTestSerialTools\main.py[line:619] - ERROR: 端口could not open port 'COM3': PermissionError(13, '拒绝访问。', None, 5)打开出错
2024-12-04 17:10:17,141 - E:\code\ingchips\upper_computer\AutoTestSerialTools\main.py[line:619] - ERROR: 端口could not open port 'COM3': PermissionError(13, '拒绝访问。', None, 5)打开出错
2024-12-04 17:10:19,242 - E:\code\ingchips\upper_computer\AutoTestSerialTools\main.py[line:619] - ERROR: 端口could not open port 'COM3': PermissionError(13, '拒绝访问。', None, 5)打开出错
2024-12-04 17:15:19,326 - E:\code\ingchips\upper_computer\AutoTestSerialTools\main.py[line:99] - DEBUG: 初始化主程序:
2024-12-04 17:15:19,606 - E:\code\ingchips\upper_computer\AutoTestSerialTools\main.py[line:314] - WARNING: No update_plan_builder available, returning empty plan.
2024-12-04 17:15:24,806 - E:\code\ingchips\upper_computer\AutoTestSerialTools\main.py[line:470] - DEBUG: 更新可用串口列表
2024-12-04 17:15:24,806 - E:\code\ingchips\upper_computer\AutoTestSerialTools\main.py[line:490] - DEBUG: 更新串口列表时间0.0s
2024-12-04 17:15:24,806 - E:\code\ingchips\upper_computer\AutoTestSerialTools\main.py[line:253] - DEBUG: 当前系统可用端口:[('COM3', 'JLink CDC UART Port (COM3)'), ('COM4', '蓝牙链接上的标准串行 (COM4)'), ('COM5', '蓝牙链接上的标准串行 (COM5)'), ('COM6', 'USB-SERIAL CH340 (COM6)'), ('COM8', 'USB-SERIAL CH340 (COM8)')]
2024-12-04 17:15:24,806 - E:\code\ingchips\upper_computer\AutoTestSerialTools\main.py[line:256] - DEBUG: 初始化主程序完成
2024-12-04 17:15:26,622 - E:\code\ingchips\upper_computer\AutoTestSerialTools\main.py[line:599] - DEBUG: 端口COM3已打开
2024-12-04 17:15:26,622 - E:\code\ingchips\upper_computer\AutoTestSerialTools\main.py[line:600] - DEBUG: DataBit---8
2024-12-04 17:15:26,622 - E:\code\ingchips\upper_computer\AutoTestSerialTools\main.py[line:601] - DEBUG: stopbits---1
2024-12-04 17:15:26,623 - E:\code\ingchips\upper_computer\AutoTestSerialTools\main.py[line:602] - DEBUG: Paritybits---N
2024-12-04 17:15:43,664 - E:\code\ingchips\upper_computer\AutoTestSerialTools\main.py[line:567] - DEBUG: 端口COM3未打开
2024-12-04 17:15:45,287 - E:\code\ingchips\upper_computer\AutoTestSerialTools\main.py[line:599] - DEBUG: 端口COM3已打开
2024-12-04 17:15:45,287 - E:\code\ingchips\upper_computer\AutoTestSerialTools\main.py[line:600] - DEBUG: DataBit---8
2024-12-04 17:15:45,288 - E:\code\ingchips\upper_computer\AutoTestSerialTools\main.py[line:601] - DEBUG: stopbits---1
2024-12-04 17:15:45,288 - E:\code\ingchips\upper_computer\AutoTestSerialTools\main.py[line:602] - DEBUG: Paritybits---N
2024-12-04 17:17:11,323 - E:\code\ingchips\upper_computer\AutoTestSerialTools\main.py[line:99] - DEBUG: 初始化主程序:
2024-12-04 17:17:11,646 - E:\code\ingchips\upper_computer\AutoTestSerialTools\main.py[line:314] - WARNING: No update_plan_builder available, returning empty plan.
2024-12-04 17:17:16,862 - E:\code\ingchips\upper_computer\AutoTestSerialTools\main.py[line:470] - DEBUG: 更新可用串口列表
2024-12-04 17:17:16,862 - E:\code\ingchips\upper_computer\AutoTestSerialTools\main.py[line:490] - DEBUG: 更新串口列表时间0.0s
2024-12-04 17:17:16,862 - E:\code\ingchips\upper_computer\AutoTestSerialTools\main.py[line:253] - DEBUG: 当前系统可用端口:[('COM3', 'JLink CDC UART Port (COM3)'), ('COM4', '蓝牙链接上的标准串行 (COM4)'), ('COM5', '蓝牙链接上的标准串行 (COM5)'), ('COM6', 'USB-SERIAL CH340 (COM6)'), ('COM8', 'USB-SERIAL CH340 (COM8)')]
2024-12-04 17:17:16,862 - E:\code\ingchips\upper_computer\AutoTestSerialTools\main.py[line:256] - DEBUG: 初始化主程序完成
2024-12-04 17:17:18,798 - E:\code\ingchips\upper_computer\AutoTestSerialTools\main.py[line:600] - DEBUG: 端口COM3已打开
2024-12-04 17:17:18,798 - E:\code\ingchips\upper_computer\AutoTestSerialTools\main.py[line:601] - DEBUG: DataBit---8
2024-12-04 17:17:18,798 - E:\code\ingchips\upper_computer\AutoTestSerialTools\main.py[line:602] - DEBUG: stopbits---1
2024-12-04 17:17:18,798 - E:\code\ingchips\upper_computer\AutoTestSerialTools\main.py[line:603] - DEBUG: Paritybits---N
2024-12-04 17:17:31,889 - E:\code\ingchips\upper_computer\AutoTestSerialTools\main.py[line:567] - DEBUG: 端口COM3未打开
2024-12-04 17:17:33,688 - E:\code\ingchips\upper_computer\AutoTestSerialTools\main.py[line:600] - DEBUG: 端口COM3已打开
2024-12-04 17:17:33,688 - E:\code\ingchips\upper_computer\AutoTestSerialTools\main.py[line:601] - DEBUG: DataBit---8
2024-12-04 17:17:33,688 - E:\code\ingchips\upper_computer\AutoTestSerialTools\main.py[line:602] - DEBUG: stopbits---1
2024-12-04 17:17:33,688 - E:\code\ingchips\upper_computer\AutoTestSerialTools\main.py[line:603] - DEBUG: Paritybits---N
2024-12-04 17:18:54,964 - E:\code\ingchips\upper_computer\AutoTestSerialTools\main.py[line:99] - DEBUG: 初始化主程序:
2024-12-04 17:18:55,154 - E:\code\ingchips\upper_computer\AutoTestSerialTools\main.py[line:314] - WARNING: No update_plan_builder available, returning empty plan.
2024-12-04 17:19:00,354 - E:\code\ingchips\upper_computer\AutoTestSerialTools\main.py[line:470] - DEBUG: 更新可用串口列表
2024-12-04 17:19:00,355 - E:\code\ingchips\upper_computer\AutoTestSerialTools\main.py[line:490] - DEBUG: 更新串口列表时间0.001001596450805664s
2024-12-04 17:19:00,355 - E:\code\ingchips\upper_computer\AutoTestSerialTools\main.py[line:253] - DEBUG: 当前系统可用端口:[('COM3', 'JLink CDC UART Port (COM3)'), ('COM4', '蓝牙链接上的标准串行 (COM4)'), ('COM5', '蓝牙链接上的标准串行 (COM5)'), ('COM6', 'USB-SERIAL CH340 (COM6)'), ('COM8', 'USB-SERIAL CH340 (COM8)')]
2024-12-04 17:19:00,355 - E:\code\ingchips\upper_computer\AutoTestSerialTools\main.py[line:256] - DEBUG: 初始化主程序完成
2024-12-04 17:19:01,705 - E:\code\ingchips\upper_computer\AutoTestSerialTools\main.py[line:601] - DEBUG: 端口COM3已打开
2024-12-04 17:19:01,705 - E:\code\ingchips\upper_computer\AutoTestSerialTools\main.py[line:602] - DEBUG: DataBit---8
2024-12-04 17:19:01,705 - E:\code\ingchips\upper_computer\AutoTestSerialTools\main.py[line:603] - DEBUG: stopbits---1
2024-12-04 17:19:01,705 - E:\code\ingchips\upper_computer\AutoTestSerialTools\main.py[line:604] - DEBUG: Paritybits---N
2024-12-04 17:19:04,784 - E:\code\ingchips\upper_computer\AutoTestSerialTools\main.py[line:601] - DEBUG: 端口COM3已打开
2024-12-04 17:19:04,784 - E:\code\ingchips\upper_computer\AutoTestSerialTools\main.py[line:602] - DEBUG: DataBit---8
2024-12-04 17:19:04,784 - E:\code\ingchips\upper_computer\AutoTestSerialTools\main.py[line:603] - DEBUG: stopbits---1
2024-12-04 17:19:04,784 - E:\code\ingchips\upper_computer\AutoTestSerialTools\main.py[line:604] - DEBUG: Paritybits---N
2024-12-04 17:19:07,249 - E:\code\ingchips\upper_computer\AutoTestSerialTools\main.py[line:601] - DEBUG: 端口COM3已打开
2024-12-04 17:19:07,249 - E:\code\ingchips\upper_computer\AutoTestSerialTools\main.py[line:602] - DEBUG: DataBit---8
2024-12-04 17:19:07,249 - E:\code\ingchips\upper_computer\AutoTestSerialTools\main.py[line:603] - DEBUG: stopbits---1
2024-12-04 17:19:07,249 - E:\code\ingchips\upper_computer\AutoTestSerialTools\main.py[line:604] - DEBUG: Paritybits---N
2024-12-04 17:19:09,839 - E:\code\ingchips\upper_computer\AutoTestSerialTools\main.py[line:601] - DEBUG: 端口COM3已打开
2024-12-04 17:19:09,839 - E:\code\ingchips\upper_computer\AutoTestSerialTools\main.py[line:602] - DEBUG: DataBit---8
2024-12-04 17:19:09,839 - E:\code\ingchips\upper_computer\AutoTestSerialTools\main.py[line:603] - DEBUG: stopbits---1
2024-12-04 17:19:09,839 - E:\code\ingchips\upper_computer\AutoTestSerialTools\main.py[line:604] - DEBUG: Paritybits---N
2024-12-04 17:19:12,166 - E:\code\ingchips\upper_computer\AutoTestSerialTools\main.py[line:601] - DEBUG: 端口COM3已打开
2024-12-04 17:19:12,166 - E:\code\ingchips\upper_computer\AutoTestSerialTools\main.py[line:602] - DEBUG: DataBit---8
2024-12-04 17:19:12,166 - E:\code\ingchips\upper_computer\AutoTestSerialTools\main.py[line:603] - DEBUG: stopbits---1
2024-12-04 17:19:12,166 - E:\code\ingchips\upper_computer\AutoTestSerialTools\main.py[line:604] - DEBUG: Paritybits---N
2024-12-04 17:19:15,868 - E:\code\ingchips\upper_computer\AutoTestSerialTools\main.py[line:601] - DEBUG: 端口COM3已打开
2024-12-04 17:19:15,868 - E:\code\ingchips\upper_computer\AutoTestSerialTools\main.py[line:602] - DEBUG: DataBit---8
2024-12-04 17:19:15,868 - E:\code\ingchips\upper_computer\AutoTestSerialTools\main.py[line:603] - DEBUG: stopbits---1
2024-12-04 17:19:15,868 - E:\code\ingchips\upper_computer\AutoTestSerialTools\main.py[line:604] - DEBUG: Paritybits---N
2024-12-04 17:19:18,354 - E:\code\ingchips\upper_computer\AutoTestSerialTools\main.py[line:601] - DEBUG: 端口COM3已打开
2024-12-04 17:19:18,354 - E:\code\ingchips\upper_computer\AutoTestSerialTools\main.py[line:602] - DEBUG: DataBit---8
2024-12-04 17:19:18,355 - E:\code\ingchips\upper_computer\AutoTestSerialTools\main.py[line:603] - DEBUG: stopbits---1
2024-12-04 17:19:18,355 - E:\code\ingchips\upper_computer\AutoTestSerialTools\main.py[line:604] - DEBUG: Paritybits---N
2024-12-04 17:19:21,561 - E:\code\ingchips\upper_computer\AutoTestSerialTools\main.py[line:601] - DEBUG: 端口COM3已打开
2024-12-04 17:19:21,562 - E:\code\ingchips\upper_computer\AutoTestSerialTools\main.py[line:602] - DEBUG: DataBit---8
2024-12-04 17:19:21,562 - E:\code\ingchips\upper_computer\AutoTestSerialTools\main.py[line:603] - DEBUG: stopbits---1
2024-12-04 17:19:21,562 - E:\code\ingchips\upper_computer\AutoTestSerialTools\main.py[line:604] - DEBUG: Paritybits---N
2024-12-04 17:20:34,734 - E:\code\ingchips\upper_computer\AutoTestSerialTools\main.py[line:99] - DEBUG: 初始化主程序:
2024-12-04 17:20:34,898 - E:\code\ingchips\upper_computer\AutoTestSerialTools\main.py[line:314] - WARNING: No update_plan_builder available, returning empty plan.
2024-12-04 17:20:40,096 - E:\code\ingchips\upper_computer\AutoTestSerialTools\main.py[line:470] - DEBUG: 更新可用串口列表
2024-12-04 17:20:40,096 - E:\code\ingchips\upper_computer\AutoTestSerialTools\main.py[line:490] - DEBUG: 更新串口列表时间0.0s
2024-12-04 17:20:40,096 - E:\code\ingchips\upper_computer\AutoTestSerialTools\main.py[line:253] - DEBUG: 当前系统可用端口:[('COM3', 'JLink CDC UART Port (COM3)'), ('COM4', '蓝牙链接上的标准串行 (COM4)'), ('COM5', '蓝牙链接上的标准串行 (COM5)'), ('COM6', 'USB-SERIAL CH340 (COM6)'), ('COM8', 'USB-SERIAL CH340 (COM8)')]
2024-12-04 17:20:40,096 - E:\code\ingchips\upper_computer\AutoTestSerialTools\main.py[line:256] - DEBUG: 初始化主程序完成
2024-12-04 17:20:41,591 - E:\code\ingchips\upper_computer\AutoTestSerialTools\main.py[line:601] - DEBUG: 端口COM3已打开
2024-12-04 17:20:41,591 - E:\code\ingchips\upper_computer\AutoTestSerialTools\main.py[line:602] - DEBUG: DataBit---8
2024-12-04 17:20:41,591 - E:\code\ingchips\upper_computer\AutoTestSerialTools\main.py[line:603] - DEBUG: stopbits---1
2024-12-04 17:20:41,592 - E:\code\ingchips\upper_computer\AutoTestSerialTools\main.py[line:604] - DEBUG: Paritybits---N
2024-12-04 17:20:44,925 - E:\code\ingchips\upper_computer\AutoTestSerialTools\main.py[line:601] - DEBUG: 端口COM3已打开
2024-12-04 17:20:44,925 - E:\code\ingchips\upper_computer\AutoTestSerialTools\main.py[line:602] - DEBUG: DataBit---8
2024-12-04 17:20:44,925 - E:\code\ingchips\upper_computer\AutoTestSerialTools\main.py[line:603] - DEBUG: stopbits---1
2024-12-04 17:20:44,925 - E:\code\ingchips\upper_computer\AutoTestSerialTools\main.py[line:604] - DEBUG: Paritybits---N
2024-12-04 17:20:47,477 - E:\code\ingchips\upper_computer\AutoTestSerialTools\main.py[line:601] - DEBUG: 端口COM3已打开
2024-12-04 17:20:47,477 - E:\code\ingchips\upper_computer\AutoTestSerialTools\main.py[line:602] - DEBUG: DataBit---8
2024-12-04 17:20:47,477 - E:\code\ingchips\upper_computer\AutoTestSerialTools\main.py[line:603] - DEBUG: stopbits---1
2024-12-04 17:20:47,477 - E:\code\ingchips\upper_computer\AutoTestSerialTools\main.py[line:604] - DEBUG: Paritybits---N
2024-12-04 17:20:49,971 - E:\code\ingchips\upper_computer\AutoTestSerialTools\main.py[line:601] - DEBUG: 端口COM3已打开
2024-12-04 17:20:49,971 - E:\code\ingchips\upper_computer\AutoTestSerialTools\main.py[line:602] - DEBUG: DataBit---8
2024-12-04 17:20:49,971 - E:\code\ingchips\upper_computer\AutoTestSerialTools\main.py[line:603] - DEBUG: stopbits---1
2024-12-04 17:20:49,971 - E:\code\ingchips\upper_computer\AutoTestSerialTools\main.py[line:604] - DEBUG: Paritybits---N
2024-12-04 17:20:52,091 - E:\code\ingchips\upper_computer\AutoTestSerialTools\main.py[line:504] - DEBUG: 更换选中串口号:COM4
2024-12-04 17:20:54,113 - E:\code\ingchips\upper_computer\AutoTestSerialTools\main.py[line:601] - DEBUG: 端口COM4已打开
2024-12-04 17:20:54,113 - E:\code\ingchips\upper_computer\AutoTestSerialTools\main.py[line:602] - DEBUG: DataBit---8
2024-12-04 17:20:54,113 - E:\code\ingchips\upper_computer\AutoTestSerialTools\main.py[line:603] - DEBUG: stopbits---1
2024-12-04 17:20:54,113 - E:\code\ingchips\upper_computer\AutoTestSerialTools\main.py[line:604] - DEBUG: Paritybits---N
2024-12-04 17:21:37,337 - E:\code\ingchips\upper_computer\AutoTestSerialTools\main.py[line:99] - DEBUG: 初始化主程序:
2024-12-04 17:21:37,478 - E:\code\ingchips\upper_computer\AutoTestSerialTools\main.py[line:314] - WARNING: No update_plan_builder available, returning empty plan.
2024-12-04 17:21:42,674 - E:\code\ingchips\upper_computer\AutoTestSerialTools\main.py[line:470] - DEBUG: 更新可用串口列表
2024-12-04 17:21:42,674 - E:\code\ingchips\upper_computer\AutoTestSerialTools\main.py[line:490] - DEBUG: 更新串口列表时间0.0s
2024-12-04 17:21:42,674 - E:\code\ingchips\upper_computer\AutoTestSerialTools\main.py[line:253] - DEBUG: 当前系统可用端口:[('COM3', 'JLink CDC UART Port (COM3)'), ('COM4', '蓝牙链接上的标准串行 (COM4)'), ('COM5', '蓝牙链接上的标准串行 (COM5)'), ('COM6', 'USB-SERIAL CH340 (COM6)'), ('COM8', 'USB-SERIAL CH340 (COM8)')]
2024-12-04 17:21:42,674 - E:\code\ingchips\upper_computer\AutoTestSerialTools\main.py[line:256] - DEBUG: 初始化主程序完成
2024-12-04 17:21:47,697 - E:\code\ingchips\upper_computer\AutoTestSerialTools\main.py[line:601] - DEBUG: 端口COM3已打开
2024-12-04 17:21:47,698 - E:\code\ingchips\upper_computer\AutoTestSerialTools\main.py[line:602] - DEBUG: DataBit---8
2024-12-04 17:21:47,698 - E:\code\ingchips\upper_computer\AutoTestSerialTools\main.py[line:603] - DEBUG: stopbits---1
2024-12-04 17:21:47,698 - E:\code\ingchips\upper_computer\AutoTestSerialTools\main.py[line:604] - DEBUG: Paritybits---N
2024-12-04 17:21:50,841 - E:\code\ingchips\upper_computer\AutoTestSerialTools\main.py[line:601] - DEBUG: 端口COM3已打开
2024-12-04 17:21:50,841 - E:\code\ingchips\upper_computer\AutoTestSerialTools\main.py[line:602] - DEBUG: DataBit---8
2024-12-04 17:21:50,841 - E:\code\ingchips\upper_computer\AutoTestSerialTools\main.py[line:603] - DEBUG: stopbits---1
2024-12-04 17:21:50,842 - E:\code\ingchips\upper_computer\AutoTestSerialTools\main.py[line:604] - DEBUG: Paritybits---N
2024-12-04 17:21:53,663 - E:\code\ingchips\upper_computer\AutoTestSerialTools\main.py[line:601] - DEBUG: 端口COM3已打开
2024-12-04 17:21:53,664 - E:\code\ingchips\upper_computer\AutoTestSerialTools\main.py[line:602] - DEBUG: DataBit---8
2024-12-04 17:21:53,664 - E:\code\ingchips\upper_computer\AutoTestSerialTools\main.py[line:603] - DEBUG: stopbits---1
2024-12-04 17:21:53,664 - E:\code\ingchips\upper_computer\AutoTestSerialTools\main.py[line:604] - DEBUG: Paritybits---N
2024-12-04 17:21:55,785 - E:\code\ingchips\upper_computer\AutoTestSerialTools\main.py[line:504] - DEBUG: 更换选中串口号:COM4
2024-12-04 17:21:57,302 - E:\code\ingchips\upper_computer\AutoTestSerialTools\main.py[line:601] - DEBUG: 端口COM4已打开
2024-12-04 17:21:57,302 - E:\code\ingchips\upper_computer\AutoTestSerialTools\main.py[line:602] - DEBUG: DataBit---8
2024-12-04 17:21:57,302 - E:\code\ingchips\upper_computer\AutoTestSerialTools\main.py[line:603] - DEBUG: stopbits---1
2024-12-04 17:21:57,302 - E:\code\ingchips\upper_computer\AutoTestSerialTools\main.py[line:604] - DEBUG: Paritybits---N
2024-12-04 17:22:31,075 - E:\code\ingchips\upper_computer\AutoTestSerialTools\main.py[line:99] - DEBUG: 初始化主程序:
2024-12-04 17:22:31,913 - E:\code\ingchips\upper_computer\AutoTestSerialTools\main.py[line:314] - WARNING: No update_plan_builder available, returning empty plan.
2024-12-04 17:22:37,127 - E:\code\ingchips\upper_computer\AutoTestSerialTools\main.py[line:470] - DEBUG: 更新可用串口列表
2024-12-04 17:22:37,127 - E:\code\ingchips\upper_computer\AutoTestSerialTools\main.py[line:490] - DEBUG: 更新串口列表时间0.0s
2024-12-04 17:22:37,127 - E:\code\ingchips\upper_computer\AutoTestSerialTools\main.py[line:253] - DEBUG: 当前系统可用端口:[('COM3', 'JLink CDC UART Port (COM3)'), ('COM4', '蓝牙链接上的标准串行 (COM4)'), ('COM5', '蓝牙链接上的标准串行 (COM5)'), ('COM6', 'USB-SERIAL CH340 (COM6)'), ('COM8', 'USB-SERIAL CH340 (COM8)')]
2024-12-04 17:22:37,127 - E:\code\ingchips\upper_computer\AutoTestSerialTools\main.py[line:256] - DEBUG: 初始化主程序完成
2024-12-04 17:22:38,756 - E:\code\ingchips\upper_computer\AutoTestSerialTools\main.py[line:600] - DEBUG: 端口COM3已打开
2024-12-04 17:22:38,756 - E:\code\ingchips\upper_computer\AutoTestSerialTools\main.py[line:601] - DEBUG: DataBit---8
2024-12-04 17:22:38,756 - E:\code\ingchips\upper_computer\AutoTestSerialTools\main.py[line:602] - DEBUG: stopbits---1
2024-12-04 17:22:38,756 - E:\code\ingchips\upper_computer\AutoTestSerialTools\main.py[line:603] - DEBUG: Paritybits---N
2024-12-04 17:22:41,443 - E:\code\ingchips\upper_computer\AutoTestSerialTools\main.py[line:600] - DEBUG: 端口COM3已打开
2024-12-04 17:22:41,443 - E:\code\ingchips\upper_computer\AutoTestSerialTools\main.py[line:601] - DEBUG: DataBit---8
2024-12-04 17:22:41,443 - E:\code\ingchips\upper_computer\AutoTestSerialTools\main.py[line:602] - DEBUG: stopbits---1
2024-12-04 17:22:41,443 - E:\code\ingchips\upper_computer\AutoTestSerialTools\main.py[line:603] - DEBUG: Paritybits---N
2024-12-04 17:22:44,714 - E:\code\ingchips\upper_computer\AutoTestSerialTools\main.py[line:600] - DEBUG: 端口COM3已打开
2024-12-04 17:22:44,714 - E:\code\ingchips\upper_computer\AutoTestSerialTools\main.py[line:601] - DEBUG: DataBit---8
2024-12-04 17:22:44,714 - E:\code\ingchips\upper_computer\AutoTestSerialTools\main.py[line:602] - DEBUG: stopbits---1
2024-12-04 17:22:44,714 - E:\code\ingchips\upper_computer\AutoTestSerialTools\main.py[line:603] - DEBUG: Paritybits---N
2024-12-04 17:22:47,899 - E:\code\ingchips\upper_computer\AutoTestSerialTools\main.py[line:504] - DEBUG: 更换选中串口号:COM5
2024-12-04 17:22:48,992 - E:\code\ingchips\upper_computer\AutoTestSerialTools\main.py[line:600] - DEBUG: 端口COM5已打开
2024-12-04 17:22:48,992 - E:\code\ingchips\upper_computer\AutoTestSerialTools\main.py[line:601] - DEBUG: DataBit---8
2024-12-04 17:22:48,992 - E:\code\ingchips\upper_computer\AutoTestSerialTools\main.py[line:602] - DEBUG: stopbits---1
2024-12-04 17:22:48,992 - E:\code\ingchips\upper_computer\AutoTestSerialTools\main.py[line:603] - DEBUG: Paritybits---N
2024-12-04 17:22:50,152 - E:\code\ingchips\upper_computer\AutoTestSerialTools\main.py[line:600] - DEBUG: 端口COM5已打开
2024-12-04 17:22:50,152 - E:\code\ingchips\upper_computer\AutoTestSerialTools\main.py[line:601] - DEBUG: DataBit---8
2024-12-04 17:22:50,152 - E:\code\ingchips\upper_computer\AutoTestSerialTools\main.py[line:602] - DEBUG: stopbits---1
2024-12-04 17:22:50,152 - E:\code\ingchips\upper_computer\AutoTestSerialTools\main.py[line:603] - DEBUG: Paritybits---N
2024-12-04 17:22:53,505 - E:\code\ingchips\upper_computer\AutoTestSerialTools\main.py[line:504] - DEBUG: 更换选中串口号:COM4
2024-12-04 17:22:59,756 - E:\code\ingchips\upper_computer\AutoTestSerialTools\main.py[line:504] - DEBUG: 更换选中串口号:COM8
2024-12-04 17:23:00,779 - E:\code\ingchips\upper_computer\AutoTestSerialTools\main.py[line:600] - DEBUG: 端口COM8已打开
2024-12-04 17:23:00,779 - E:\code\ingchips\upper_computer\AutoTestSerialTools\main.py[line:601] - DEBUG: DataBit---8
2024-12-04 17:23:00,779 - E:\code\ingchips\upper_computer\AutoTestSerialTools\main.py[line:602] - DEBUG: stopbits---1
2024-12-04 17:23:00,779 - E:\code\ingchips\upper_computer\AutoTestSerialTools\main.py[line:603] - DEBUG: Paritybits---N
2024-12-04 17:23:02,637 - E:\code\ingchips\upper_computer\AutoTestSerialTools\main.py[line:600] - DEBUG: 端口COM8已打开
2024-12-04 17:23:02,637 - E:\code\ingchips\upper_computer\AutoTestSerialTools\main.py[line:601] - DEBUG: DataBit---8
2024-12-04 17:23:02,637 - E:\code\ingchips\upper_computer\AutoTestSerialTools\main.py[line:602] - DEBUG: stopbits---1
2024-12-04 17:23:02,637 - E:\code\ingchips\upper_computer\AutoTestSerialTools\main.py[line:603] - DEBUG: Paritybits---N
2024-12-04 17:23:23,575 - E:\code\ingchips\upper_computer\AutoTestSerialTools\main.py[line:99] - DEBUG: 初始化主程序:
2024-12-04 17:23:23,719 - E:\code\ingchips\upper_computer\AutoTestSerialTools\main.py[line:314] - WARNING: No update_plan_builder available, returning empty plan.
2024-12-04 17:23:28,919 - E:\code\ingchips\upper_computer\AutoTestSerialTools\main.py[line:470] - DEBUG: 更新可用串口列表
2024-12-04 17:23:28,919 - E:\code\ingchips\upper_computer\AutoTestSerialTools\main.py[line:490] - DEBUG: 更新串口列表时间0.0010001659393310547s
2024-12-04 17:23:28,919 - E:\code\ingchips\upper_computer\AutoTestSerialTools\main.py[line:253] - DEBUG: 当前系统可用端口:[('COM3', 'JLink CDC UART Port (COM3)'), ('COM4', '蓝牙链接上的标准串行 (COM4)'), ('COM5', '蓝牙链接上的标准串行 (COM5)'), ('COM6', 'USB-SERIAL CH340 (COM6)'), ('COM8', 'USB-SERIAL CH340 (COM8)')]
2024-12-04 17:23:28,919 - E:\code\ingchips\upper_computer\AutoTestSerialTools\main.py[line:256] - DEBUG: 初始化主程序完成
2024-12-04 17:23:34,148 - E:\code\ingchips\upper_computer\AutoTestSerialTools\main.py[line:600] - DEBUG: 端口COM3已打开
2024-12-04 17:23:34,148 - E:\code\ingchips\upper_computer\AutoTestSerialTools\main.py[line:601] - DEBUG: DataBit---8
2024-12-04 17:23:34,148 - E:\code\ingchips\upper_computer\AutoTestSerialTools\main.py[line:602] - DEBUG: stopbits---1
2024-12-04 17:23:34,148 - E:\code\ingchips\upper_computer\AutoTestSerialTools\main.py[line:603] - DEBUG: Paritybits---N
2024-12-04 17:23:36,933 - E:\code\ingchips\upper_computer\AutoTestSerialTools\main.py[line:504] - DEBUG: 更换选中串口号:COM8
2024-12-04 17:23:37,915 - E:\code\ingchips\upper_computer\AutoTestSerialTools\main.py[line:600] - DEBUG: 端口COM8已打开
2024-12-04 17:23:37,915 - E:\code\ingchips\upper_computer\AutoTestSerialTools\main.py[line:601] - DEBUG: DataBit---8
2024-12-04 17:23:37,915 - E:\code\ingchips\upper_computer\AutoTestSerialTools\main.py[line:602] - DEBUG: stopbits---1
2024-12-04 17:23:37,915 - E:\code\ingchips\upper_computer\AutoTestSerialTools\main.py[line:603] - DEBUG: Paritybits---N
2024-12-04 17:23:39,036 - E:\code\ingchips\upper_computer\AutoTestSerialTools\main.py[line:600] - DEBUG: 端口COM8已打开
2024-12-04 17:23:39,036 - E:\code\ingchips\upper_computer\AutoTestSerialTools\main.py[line:601] - DEBUG: DataBit---8
2024-12-04 17:23:39,036 - E:\code\ingchips\upper_computer\AutoTestSerialTools\main.py[line:602] - DEBUG: stopbits---1
2024-12-04 17:23:39,036 - E:\code\ingchips\upper_computer\AutoTestSerialTools\main.py[line:603] - DEBUG: Paritybits---N
2024-12-04 17:23:39,739 - E:\code\ingchips\upper_computer\AutoTestSerialTools\main.py[line:600] - DEBUG: 端口COM8已打开
2024-12-04 17:23:39,739 - E:\code\ingchips\upper_computer\AutoTestSerialTools\main.py[line:601] - DEBUG: DataBit---8
2024-12-04 17:23:39,739 - E:\code\ingchips\upper_computer\AutoTestSerialTools\main.py[line:602] - DEBUG: stopbits---1
2024-12-04 17:23:39,739 - E:\code\ingchips\upper_computer\AutoTestSerialTools\main.py[line:603] - DEBUG: Paritybits---N
2024-12-04 17:23:40,117 - E:\code\ingchips\upper_computer\AutoTestSerialTools\main.py[line:600] - DEBUG: 端口COM8已打开
2024-12-04 17:23:40,117 - E:\code\ingchips\upper_computer\AutoTestSerialTools\main.py[line:601] - DEBUG: DataBit---8
2024-12-04 17:23:40,117 - E:\code\ingchips\upper_computer\AutoTestSerialTools\main.py[line:602] - DEBUG: stopbits---1
2024-12-04 17:23:40,117 - E:\code\ingchips\upper_computer\AutoTestSerialTools\main.py[line:603] - DEBUG: Paritybits---N
2024-12-04 17:23:40,445 - E:\code\ingchips\upper_computer\AutoTestSerialTools\main.py[line:600] - DEBUG: 端口COM8已打开
2024-12-04 17:23:40,445 - E:\code\ingchips\upper_computer\AutoTestSerialTools\main.py[line:601] - DEBUG: DataBit---8
2024-12-04 17:23:40,445 - E:\code\ingchips\upper_computer\AutoTestSerialTools\main.py[line:602] - DEBUG: stopbits---1
2024-12-04 17:23:40,445 - E:\code\ingchips\upper_computer\AutoTestSerialTools\main.py[line:603] - DEBUG: Paritybits---N
2024-12-04 17:23:40,772 - E:\code\ingchips\upper_computer\AutoTestSerialTools\main.py[line:600] - DEBUG: 端口COM8已打开
2024-12-04 17:23:40,773 - E:\code\ingchips\upper_computer\AutoTestSerialTools\main.py[line:601] - DEBUG: DataBit---8
2024-12-04 17:23:40,773 - E:\code\ingchips\upper_computer\AutoTestSerialTools\main.py[line:602] - DEBUG: stopbits---1
2024-12-04 17:23:40,773 - E:\code\ingchips\upper_computer\AutoTestSerialTools\main.py[line:603] - DEBUG: Paritybits---N
2024-12-04 17:23:41,074 - E:\code\ingchips\upper_computer\AutoTestSerialTools\main.py[line:600] - DEBUG: 端口COM8已打开
2024-12-04 17:23:41,074 - E:\code\ingchips\upper_computer\AutoTestSerialTools\main.py[line:601] - DEBUG: DataBit---8
2024-12-04 17:23:41,074 - E:\code\ingchips\upper_computer\AutoTestSerialTools\main.py[line:602] - DEBUG: stopbits---1
2024-12-04 17:23:41,074 - E:\code\ingchips\upper_computer\AutoTestSerialTools\main.py[line:603] - DEBUG: Paritybits---N
2024-12-04 17:23:41,396 - E:\code\ingchips\upper_computer\AutoTestSerialTools\main.py[line:600] - DEBUG: 端口COM8已打开
2024-12-04 17:23:41,396 - E:\code\ingchips\upper_computer\AutoTestSerialTools\main.py[line:601] - DEBUG: DataBit---8
2024-12-04 17:23:41,396 - E:\code\ingchips\upper_computer\AutoTestSerialTools\main.py[line:602] - DEBUG: stopbits---1
2024-12-04 17:23:41,396 - E:\code\ingchips\upper_computer\AutoTestSerialTools\main.py[line:603] - DEBUG: Paritybits---N
2024-12-04 17:23:42,147 - E:\code\ingchips\upper_computer\AutoTestSerialTools\main.py[line:600] - DEBUG: 端口COM8已打开
2024-12-04 17:23:42,147 - E:\code\ingchips\upper_computer\AutoTestSerialTools\main.py[line:601] - DEBUG: DataBit---8
2024-12-04 17:23:42,147 - E:\code\ingchips\upper_computer\AutoTestSerialTools\main.py[line:602] - DEBUG: stopbits---1
2024-12-04 17:23:42,147 - E:\code\ingchips\upper_computer\AutoTestSerialTools\main.py[line:603] - DEBUG: Paritybits---N
2024-12-04 17:23:43,201 - E:\code\ingchips\upper_computer\AutoTestSerialTools\main.py[line:600] - DEBUG: 端口COM8已打开
2024-12-04 17:23:43,201 - E:\code\ingchips\upper_computer\AutoTestSerialTools\main.py[line:601] - DEBUG: DataBit---8
2024-12-04 17:23:43,202 - E:\code\ingchips\upper_computer\AutoTestSerialTools\main.py[line:602] - DEBUG: stopbits---1
2024-12-04 17:23:43,202 - E:\code\ingchips\upper_computer\AutoTestSerialTools\main.py[line:603] - DEBUG: Paritybits---N
2024-12-04 17:23:43,562 - E:\code\ingchips\upper_computer\AutoTestSerialTools\main.py[line:600] - DEBUG: 端口COM8已打开
2024-12-04 17:23:43,563 - E:\code\ingchips\upper_computer\AutoTestSerialTools\main.py[line:601] - DEBUG: DataBit---8
2024-12-04 17:23:43,563 - E:\code\ingchips\upper_computer\AutoTestSerialTools\main.py[line:602] - DEBUG: stopbits---1
2024-12-04 17:23:43,563 - E:\code\ingchips\upper_computer\AutoTestSerialTools\main.py[line:603] - DEBUG: Paritybits---N
2024-12-04 17:23:43,883 - E:\code\ingchips\upper_computer\AutoTestSerialTools\main.py[line:600] - DEBUG: 端口COM8已打开
2024-12-04 17:23:43,883 - E:\code\ingchips\upper_computer\AutoTestSerialTools\main.py[line:601] - DEBUG: DataBit---8
2024-12-04 17:23:43,883 - E:\code\ingchips\upper_computer\AutoTestSerialTools\main.py[line:602] - DEBUG: stopbits---1
2024-12-04 17:23:43,883 - E:\code\ingchips\upper_computer\AutoTestSerialTools\main.py[line:603] - DEBUG: Paritybits---N
2024-12-04 17:23:44,209 - E:\code\ingchips\upper_computer\AutoTestSerialTools\main.py[line:600] - DEBUG: 端口COM8已打开
2024-12-04 17:23:44,210 - E:\code\ingchips\upper_computer\AutoTestSerialTools\main.py[line:601] - DEBUG: DataBit---8
2024-12-04 17:23:44,210 - E:\code\ingchips\upper_computer\AutoTestSerialTools\main.py[line:602] - DEBUG: stopbits---1
2024-12-04 17:23:44,210 - E:\code\ingchips\upper_computer\AutoTestSerialTools\main.py[line:603] - DEBUG: Paritybits---N
2024-12-04 17:23:44,531 - E:\code\ingchips\upper_computer\AutoTestSerialTools\main.py[line:600] - DEBUG: 端口COM8已打开
2024-12-04 17:23:44,531 - E:\code\ingchips\upper_computer\AutoTestSerialTools\main.py[line:601] - DEBUG: DataBit---8
2024-12-04 17:23:44,531 - E:\code\ingchips\upper_computer\AutoTestSerialTools\main.py[line:602] - DEBUG: stopbits---1
2024-12-04 17:23:44,531 - E:\code\ingchips\upper_computer\AutoTestSerialTools\main.py[line:603] - DEBUG: Paritybits---N
2024-12-04 17:23:44,825 - E:\code\ingchips\upper_computer\AutoTestSerialTools\main.py[line:600] - DEBUG: 端口COM8已打开
2024-12-04 17:23:44,825 - E:\code\ingchips\upper_computer\AutoTestSerialTools\main.py[line:601] - DEBUG: DataBit---8
2024-12-04 17:23:44,825 - E:\code\ingchips\upper_computer\AutoTestSerialTools\main.py[line:602] - DEBUG: stopbits---1
2024-12-04 17:23:44,825 - E:\code\ingchips\upper_computer\AutoTestSerialTools\main.py[line:603] - DEBUG: Paritybits---N
2024-12-04 17:23:45,145 - E:\code\ingchips\upper_computer\AutoTestSerialTools\main.py[line:600] - DEBUG: 端口COM8已打开
2024-12-04 17:23:45,145 - E:\code\ingchips\upper_computer\AutoTestSerialTools\main.py[line:601] - DEBUG: DataBit---8
2024-12-04 17:23:45,145 - E:\code\ingchips\upper_computer\AutoTestSerialTools\main.py[line:602] - DEBUG: stopbits---1
2024-12-04 17:23:45,145 - E:\code\ingchips\upper_computer\AutoTestSerialTools\main.py[line:603] - DEBUG: Paritybits---N
2024-12-04 17:23:45,474 - E:\code\ingchips\upper_computer\AutoTestSerialTools\main.py[line:600] - DEBUG: 端口COM8已打开
2024-12-04 17:23:45,474 - E:\code\ingchips\upper_computer\AutoTestSerialTools\main.py[line:601] - DEBUG: DataBit---8
2024-12-04 17:23:45,474 - E:\code\ingchips\upper_computer\AutoTestSerialTools\main.py[line:602] - DEBUG: stopbits---1
2024-12-04 17:23:45,474 - E:\code\ingchips\upper_computer\AutoTestSerialTools\main.py[line:603] - DEBUG: Paritybits---N
2024-12-04 17:23:45,794 - E:\code\ingchips\upper_computer\AutoTestSerialTools\main.py[line:600] - DEBUG: 端口COM8已打开
2024-12-04 17:23:45,794 - E:\code\ingchips\upper_computer\AutoTestSerialTools\main.py[line:601] - DEBUG: DataBit---8
2024-12-04 17:23:45,794 - E:\code\ingchips\upper_computer\AutoTestSerialTools\main.py[line:602] - DEBUG: stopbits---1
2024-12-04 17:23:45,794 - E:\code\ingchips\upper_computer\AutoTestSerialTools\main.py[line:603] - DEBUG: Paritybits---N
2024-12-04 17:23:46,113 - E:\code\ingchips\upper_computer\AutoTestSerialTools\main.py[line:600] - DEBUG: 端口COM8已打开
2024-12-04 17:23:46,113 - E:\code\ingchips\upper_computer\AutoTestSerialTools\main.py[line:601] - DEBUG: DataBit---8
2024-12-04 17:23:46,113 - E:\code\ingchips\upper_computer\AutoTestSerialTools\main.py[line:602] - DEBUG: stopbits---1
2024-12-04 17:23:46,113 - E:\code\ingchips\upper_computer\AutoTestSerialTools\main.py[line:603] - DEBUG: Paritybits---N
2024-12-04 17:23:46,433 - E:\code\ingchips\upper_computer\AutoTestSerialTools\main.py[line:600] - DEBUG: 端口COM8已打开
2024-12-04 17:23:46,433 - E:\code\ingchips\upper_computer\AutoTestSerialTools\main.py[line:601] - DEBUG: DataBit---8
2024-12-04 17:23:46,433 - E:\code\ingchips\upper_computer\AutoTestSerialTools\main.py[line:602] - DEBUG: stopbits---1
2024-12-04 17:23:46,434 - E:\code\ingchips\upper_computer\AutoTestSerialTools\main.py[line:603] - DEBUG: Paritybits---N
2024-12-04 17:23:46,770 - E:\code\ingchips\upper_computer\AutoTestSerialTools\main.py[line:600] - DEBUG: 端口COM8已打开
2024-12-04 17:23:46,770 - E:\code\ingchips\upper_computer\AutoTestSerialTools\main.py[line:601] - DEBUG: DataBit---8
2024-12-04 17:23:46,771 - E:\code\ingchips\upper_computer\AutoTestSerialTools\main.py[line:602] - DEBUG: stopbits---1
2024-12-04 17:23:46,771 - E:\code\ingchips\upper_computer\AutoTestSerialTools\main.py[line:603] - DEBUG: Paritybits---N
2024-12-04 17:23:47,096 - E:\code\ingchips\upper_computer\AutoTestSerialTools\main.py[line:600] - DEBUG: 端口COM8已打开
2024-12-04 17:23:47,096 - E:\code\ingchips\upper_computer\AutoTestSerialTools\main.py[line:601] - DEBUG: DataBit---8
2024-12-04 17:23:47,096 - E:\code\ingchips\upper_computer\AutoTestSerialTools\main.py[line:602] - DEBUG: stopbits---1
2024-12-04 17:23:47,096 - E:\code\ingchips\upper_computer\AutoTestSerialTools\main.py[line:603] - DEBUG: Paritybits---N
2024-12-04 17:23:47,424 - E:\code\ingchips\upper_computer\AutoTestSerialTools\main.py[line:600] - DEBUG: 端口COM8已打开
2024-12-04 17:23:47,424 - E:\code\ingchips\upper_computer\AutoTestSerialTools\main.py[line:601] - DEBUG: DataBit---8
2024-12-04 17:23:47,424 - E:\code\ingchips\upper_computer\AutoTestSerialTools\main.py[line:602] - DEBUG: stopbits---1
2024-12-04 17:23:47,424 - E:\code\ingchips\upper_computer\AutoTestSerialTools\main.py[line:603] - DEBUG: Paritybits---N
2024-12-04 17:23:48,113 - E:\code\ingchips\upper_computer\AutoTestSerialTools\main.py[line:600] - DEBUG: 端口COM8已打开
2024-12-04 17:23:48,113 - E:\code\ingchips\upper_computer\AutoTestSerialTools\main.py[line:601] - DEBUG: DataBit---8
2024-12-04 17:23:48,113 - E:\code\ingchips\upper_computer\AutoTestSerialTools\main.py[line:602] - DEBUG: stopbits---1
2024-12-04 17:23:48,113 - E:\code\ingchips\upper_computer\AutoTestSerialTools\main.py[line:603] - DEBUG: Paritybits---N
2024-12-04 17:23:48,801 - E:\code\ingchips\upper_computer\AutoTestSerialTools\main.py[line:600] - DEBUG: 端口COM8已打开
2024-12-04 17:23:48,801 - E:\code\ingchips\upper_computer\AutoTestSerialTools\main.py[line:601] - DEBUG: DataBit---8
2024-12-04 17:23:48,801 - E:\code\ingchips\upper_computer\AutoTestSerialTools\main.py[line:602] - DEBUG: stopbits---1
2024-12-04 17:23:48,801 - E:\code\ingchips\upper_computer\AutoTestSerialTools\main.py[line:603] - DEBUG: Paritybits---N
2024-12-04 17:23:49,120 - E:\code\ingchips\upper_computer\AutoTestSerialTools\main.py[line:600] - DEBUG: 端口COM8已打开
2024-12-04 17:23:49,120 - E:\code\ingchips\upper_computer\AutoTestSerialTools\main.py[line:601] - DEBUG: DataBit---8
2024-12-04 17:23:49,120 - E:\code\ingchips\upper_computer\AutoTestSerialTools\main.py[line:602] - DEBUG: stopbits---1
2024-12-04 17:23:49,120 - E:\code\ingchips\upper_computer\AutoTestSerialTools\main.py[line:603] - DEBUG: Paritybits---N
2024-12-04 17:23:49,440 - E:\code\ingchips\upper_computer\AutoTestSerialTools\main.py[line:600] - DEBUG: 端口COM8已打开
2024-12-04 17:23:49,440 - E:\code\ingchips\upper_computer\AutoTestSerialTools\main.py[line:601] - DEBUG: DataBit---8
2024-12-04 17:23:49,440 - E:\code\ingchips\upper_computer\AutoTestSerialTools\main.py[line:602] - DEBUG: stopbits---1
2024-12-04 17:23:49,440 - E:\code\ingchips\upper_computer\AutoTestSerialTools\main.py[line:603] - DEBUG: Paritybits---N
2024-12-04 17:23:49,766 - E:\code\ingchips\upper_computer\AutoTestSerialTools\main.py[line:600] - DEBUG: 端口COM8已打开
2024-12-04 17:23:49,766 - E:\code\ingchips\upper_computer\AutoTestSerialTools\main.py[line:601] - DEBUG: DataBit---8
2024-12-04 17:23:49,766 - E:\code\ingchips\upper_computer\AutoTestSerialTools\main.py[line:602] - DEBUG: stopbits---1
2024-12-04 17:23:49,766 - E:\code\ingchips\upper_computer\AutoTestSerialTools\main.py[line:603] - DEBUG: Paritybits---N
2024-12-04 17:23:50,104 - E:\code\ingchips\upper_computer\AutoTestSerialTools\main.py[line:600] - DEBUG: 端口COM8已打开
2024-12-04 17:23:50,104 - E:\code\ingchips\upper_computer\AutoTestSerialTools\main.py[line:601] - DEBUG: DataBit---8
2024-12-04 17:23:50,104 - E:\code\ingchips\upper_computer\AutoTestSerialTools\main.py[line:602] - DEBUG: stopbits---1
2024-12-04 17:23:50,104 - E:\code\ingchips\upper_computer\AutoTestSerialTools\main.py[line:603] - DEBUG: Paritybits---N
2024-12-04 17:23:50,432 - E:\code\ingchips\upper_computer\AutoTestSerialTools\main.py[line:600] - DEBUG: 端口COM8已打开
2024-12-04 17:23:50,432 - E:\code\ingchips\upper_computer\AutoTestSerialTools\main.py[line:601] - DEBUG: DataBit---8
2024-12-04 17:23:50,432 - E:\code\ingchips\upper_computer\AutoTestSerialTools\main.py[line:602] - DEBUG: stopbits---1
2024-12-04 17:23:50,432 - E:\code\ingchips\upper_computer\AutoTestSerialTools\main.py[line:603] - DEBUG: Paritybits---N
2024-12-04 17:23:50,760 - E:\code\ingchips\upper_computer\AutoTestSerialTools\main.py[line:600] - DEBUG: 端口COM8已打开
2024-12-04 17:23:50,760 - E:\code\ingchips\upper_computer\AutoTestSerialTools\main.py[line:601] - DEBUG: DataBit---8
2024-12-04 17:23:50,760 - E:\code\ingchips\upper_computer\AutoTestSerialTools\main.py[line:602] - DEBUG: stopbits---1
2024-12-04 17:23:50,760 - E:\code\ingchips\upper_computer\AutoTestSerialTools\main.py[line:603] - DEBUG: Paritybits---N
2024-12-04 17:23:51,094 - E:\code\ingchips\upper_computer\AutoTestSerialTools\main.py[line:600] - DEBUG: 端口COM8已打开
2024-12-04 17:23:51,094 - E:\code\ingchips\upper_computer\AutoTestSerialTools\main.py[line:601] - DEBUG: DataBit---8
2024-12-04 17:23:51,094 - E:\code\ingchips\upper_computer\AutoTestSerialTools\main.py[line:602] - DEBUG: stopbits---1
2024-12-04 17:23:51,094 - E:\code\ingchips\upper_computer\AutoTestSerialTools\main.py[line:603] - DEBUG: Paritybits---N
2024-12-04 17:23:54,126 - E:\code\ingchips\upper_computer\AutoTestSerialTools\main.py[line:504] - DEBUG: 更换选中串口号:COM3
2024-12-04 17:23:55,726 - E:\code\ingchips\upper_computer\AutoTestSerialTools\main.py[line:600] - DEBUG: 端口COM3已打开
2024-12-04 17:23:55,726 - E:\code\ingchips\upper_computer\AutoTestSerialTools\main.py[line:601] - DEBUG: DataBit---8
2024-12-04 17:23:55,726 - E:\code\ingchips\upper_computer\AutoTestSerialTools\main.py[line:602] - DEBUG: stopbits---1
2024-12-04 17:23:55,726 - E:\code\ingchips\upper_computer\AutoTestSerialTools\main.py[line:603] - DEBUG: Paritybits---N
2024-12-04 17:23:57,644 - E:\code\ingchips\upper_computer\AutoTestSerialTools\main.py[line:600] - DEBUG: 端口COM3已打开
2024-12-04 17:23:57,644 - E:\code\ingchips\upper_computer\AutoTestSerialTools\main.py[line:601] - DEBUG: DataBit---8
2024-12-04 17:23:57,644 - E:\code\ingchips\upper_computer\AutoTestSerialTools\main.py[line:602] - DEBUG: stopbits---1
2024-12-04 17:23:57,644 - E:\code\ingchips\upper_computer\AutoTestSerialTools\main.py[line:603] - DEBUG: Paritybits---N
2024-12-04 17:23:58,468 - E:\code\ingchips\upper_computer\AutoTestSerialTools\main.py[line:600] - DEBUG: 端口COM3已打开
2024-12-04 17:23:58,468 - E:\code\ingchips\upper_computer\AutoTestSerialTools\main.py[line:601] - DEBUG: DataBit---8
2024-12-04 17:23:58,468 - E:\code\ingchips\upper_computer\AutoTestSerialTools\main.py[line:602] - DEBUG: stopbits---1
2024-12-04 17:23:58,468 - E:\code\ingchips\upper_computer\AutoTestSerialTools\main.py[line:603] - DEBUG: Paritybits---N
2024-12-04 17:23:58,804 - E:\code\ingchips\upper_computer\AutoTestSerialTools\main.py[line:600] - DEBUG: 端口COM3已打开
2024-12-04 17:23:58,804 - E:\code\ingchips\upper_computer\AutoTestSerialTools\main.py[line:601] - DEBUG: DataBit---8
2024-12-04 17:23:58,804 - E:\code\ingchips\upper_computer\AutoTestSerialTools\main.py[line:602] - DEBUG: stopbits---1
2024-12-04 17:23:58,804 - E:\code\ingchips\upper_computer\AutoTestSerialTools\main.py[line:603] - DEBUG: Paritybits---N
2024-12-04 17:23:59,147 - E:\code\ingchips\upper_computer\AutoTestSerialTools\main.py[line:600] - DEBUG: 端口COM3已打开
2024-12-04 17:23:59,147 - E:\code\ingchips\upper_computer\AutoTestSerialTools\main.py[line:601] - DEBUG: DataBit---8
2024-12-04 17:23:59,147 - E:\code\ingchips\upper_computer\AutoTestSerialTools\main.py[line:602] - DEBUG: stopbits---1
2024-12-04 17:23:59,147 - E:\code\ingchips\upper_computer\AutoTestSerialTools\main.py[line:603] - DEBUG: Paritybits---N
2024-12-04 17:23:59,771 - E:\code\ingchips\upper_computer\AutoTestSerialTools\main.py[line:600] - DEBUG: 端口COM3已打开
2024-12-04 17:23:59,771 - E:\code\ingchips\upper_computer\AutoTestSerialTools\main.py[line:601] - DEBUG: DataBit---8
2024-12-04 17:23:59,771 - E:\code\ingchips\upper_computer\AutoTestSerialTools\main.py[line:602] - DEBUG: stopbits---1
2024-12-04 17:23:59,771 - E:\code\ingchips\upper_computer\AutoTestSerialTools\main.py[line:603] - DEBUG: Paritybits---N
2024-12-04 17:24:00,564 - E:\code\ingchips\upper_computer\AutoTestSerialTools\main.py[line:600] - DEBUG: 端口COM3已打开
2024-12-04 17:24:00,564 - E:\code\ingchips\upper_computer\AutoTestSerialTools\main.py[line:601] - DEBUG: DataBit---8
2024-12-04 17:24:00,564 - E:\code\ingchips\upper_computer\AutoTestSerialTools\main.py[line:602] - DEBUG: stopbits---1
2024-12-04 17:24:00,564 - E:\code\ingchips\upper_computer\AutoTestSerialTools\main.py[line:603] - DEBUG: Paritybits---N
2024-12-04 17:24:00,908 - E:\code\ingchips\upper_computer\AutoTestSerialTools\main.py[line:600] - DEBUG: 端口COM3已打开
2024-12-04 17:24:00,908 - E:\code\ingchips\upper_computer\AutoTestSerialTools\main.py[line:601] - DEBUG: DataBit---8
2024-12-04 17:24:00,908 - E:\code\ingchips\upper_computer\AutoTestSerialTools\main.py[line:602] - DEBUG: stopbits---1
2024-12-04 17:24:00,908 - E:\code\ingchips\upper_computer\AutoTestSerialTools\main.py[line:603] - DEBUG: Paritybits---N
2024-12-04 17:24:01,259 - E:\code\ingchips\upper_computer\AutoTestSerialTools\main.py[line:600] - DEBUG: 端口COM3已打开
2024-12-04 17:24:01,259 - E:\code\ingchips\upper_computer\AutoTestSerialTools\main.py[line:601] - DEBUG: DataBit---8
2024-12-04 17:24:01,259 - E:\code\ingchips\upper_computer\AutoTestSerialTools\main.py[line:602] - DEBUG: stopbits---1
2024-12-04 17:24:01,259 - E:\code\ingchips\upper_computer\AutoTestSerialTools\main.py[line:603] - DEBUG: Paritybits---N
2024-12-04 17:24:01,579 - E:\code\ingchips\upper_computer\AutoTestSerialTools\main.py[line:600] - DEBUG: 端口COM3已打开
2024-12-04 17:24:01,579 - E:\code\ingchips\upper_computer\AutoTestSerialTools\main.py[line:601] - DEBUG: DataBit---8
2024-12-04 17:24:01,579 - E:\code\ingchips\upper_computer\AutoTestSerialTools\main.py[line:602] - DEBUG: stopbits---1
2024-12-04 17:24:01,579 - E:\code\ingchips\upper_computer\AutoTestSerialTools\main.py[line:603] - DEBUG: Paritybits---N
2024-12-04 17:24:01,906 - E:\code\ingchips\upper_computer\AutoTestSerialTools\main.py[line:600] - DEBUG: 端口COM3已打开
2024-12-04 17:24:01,906 - E:\code\ingchips\upper_computer\AutoTestSerialTools\main.py[line:601] - DEBUG: DataBit---8
2024-12-04 17:24:01,906 - E:\code\ingchips\upper_computer\AutoTestSerialTools\main.py[line:602] - DEBUG: stopbits---1
2024-12-04 17:24:01,906 - E:\code\ingchips\upper_computer\AutoTestSerialTools\main.py[line:603] - DEBUG: Paritybits---N
2024-12-04 17:24:02,235 - E:\code\ingchips\upper_computer\AutoTestSerialTools\main.py[line:600] - DEBUG: 端口COM3已打开
2024-12-04 17:24:02,235 - E:\code\ingchips\upper_computer\AutoTestSerialTools\main.py[line:601] - DEBUG: DataBit---8
2024-12-04 17:24:02,235 - E:\code\ingchips\upper_computer\AutoTestSerialTools\main.py[line:602] - DEBUG: stopbits---1
2024-12-04 17:24:02,235 - E:\code\ingchips\upper_computer\AutoTestSerialTools\main.py[line:603] - DEBUG: Paritybits---N
2024-12-04 17:24:02,571 - E:\code\ingchips\upper_computer\AutoTestSerialTools\main.py[line:600] - DEBUG: 端口COM3已打开
2024-12-04 17:24:02,571 - E:\code\ingchips\upper_computer\AutoTestSerialTools\main.py[line:601] - DEBUG: DataBit---8
2024-12-04 17:24:02,571 - E:\code\ingchips\upper_computer\AutoTestSerialTools\main.py[line:602] - DEBUG: stopbits---1
2024-12-04 17:24:02,571 - E:\code\ingchips\upper_computer\AutoTestSerialTools\main.py[line:603] - DEBUG: Paritybits---N
2024-12-04 17:24:02,931 - E:\code\ingchips\upper_computer\AutoTestSerialTools\main.py[line:600] - DEBUG: 端口COM3已打开
2024-12-04 17:24:02,931 - E:\code\ingchips\upper_computer\AutoTestSerialTools\main.py[line:601] - DEBUG: DataBit---8
2024-12-04 17:24:02,932 - E:\code\ingchips\upper_computer\AutoTestSerialTools\main.py[line:602] - DEBUG: stopbits---1
2024-12-04 17:24:02,932 - E:\code\ingchips\upper_computer\AutoTestSerialTools\main.py[line:603] - DEBUG: Paritybits---N
2024-12-04 17:24:03,250 - E:\code\ingchips\upper_computer\AutoTestSerialTools\main.py[line:600] - DEBUG: 端口COM3已打开
2024-12-04 17:24:03,251 - E:\code\ingchips\upper_computer\AutoTestSerialTools\main.py[line:601] - DEBUG: DataBit---8
2024-12-04 17:24:03,251 - E:\code\ingchips\upper_computer\AutoTestSerialTools\main.py[line:602] - DEBUG: stopbits---1
2024-12-04 17:24:03,251 - E:\code\ingchips\upper_computer\AutoTestSerialTools\main.py[line:603] - DEBUG: Paritybits---N
2024-12-04 17:24:03,586 - E:\code\ingchips\upper_computer\AutoTestSerialTools\main.py[line:600] - DEBUG: 端口COM3已打开
2024-12-04 17:24:03,586 - E:\code\ingchips\upper_computer\AutoTestSerialTools\main.py[line:601] - DEBUG: DataBit---8
2024-12-04 17:24:03,586 - E:\code\ingchips\upper_computer\AutoTestSerialTools\main.py[line:602] - DEBUG: stopbits---1
2024-12-04 17:24:03,586 - E:\code\ingchips\upper_computer\AutoTestSerialTools\main.py[line:603] - DEBUG: Paritybits---N
2024-12-04 17:24:03,906 - E:\code\ingchips\upper_computer\AutoTestSerialTools\main.py[line:600] - DEBUG: 端口COM3已打开
2024-12-04 17:24:03,906 - E:\code\ingchips\upper_computer\AutoTestSerialTools\main.py[line:601] - DEBUG: DataBit---8
2024-12-04 17:24:03,906 - E:\code\ingchips\upper_computer\AutoTestSerialTools\main.py[line:602] - DEBUG: stopbits---1
2024-12-04 17:24:03,906 - E:\code\ingchips\upper_computer\AutoTestSerialTools\main.py[line:603] - DEBUG: Paritybits---N
2024-12-04 17:24:04,224 - E:\code\ingchips\upper_computer\AutoTestSerialTools\main.py[line:600] - DEBUG: 端口COM3已打开
2024-12-04 17:24:04,224 - E:\code\ingchips\upper_computer\AutoTestSerialTools\main.py[line:601] - DEBUG: DataBit---8
2024-12-04 17:24:04,225 - E:\code\ingchips\upper_computer\AutoTestSerialTools\main.py[line:602] - DEBUG: stopbits---1
2024-12-04 17:24:04,225 - E:\code\ingchips\upper_computer\AutoTestSerialTools\main.py[line:603] - DEBUG: Paritybits---N
2024-12-04 17:24:04,914 - E:\code\ingchips\upper_computer\AutoTestSerialTools\main.py[line:600] - DEBUG: 端口COM3已打开
2024-12-04 17:24:04,914 - E:\code\ingchips\upper_computer\AutoTestSerialTools\main.py[line:601] - DEBUG: DataBit---8
2024-12-04 17:24:04,914 - E:\code\ingchips\upper_computer\AutoTestSerialTools\main.py[line:602] - DEBUG: stopbits---1
2024-12-04 17:24:04,914 - E:\code\ingchips\upper_computer\AutoTestSerialTools\main.py[line:603] - DEBUG: Paritybits---N
2024-12-04 17:24:05,265 - E:\code\ingchips\upper_computer\AutoTestSerialTools\main.py[line:600] - DEBUG: 端口COM3已打开
2024-12-04 17:24:05,265 - E:\code\ingchips\upper_computer\AutoTestSerialTools\main.py[line:601] - DEBUG: DataBit---8
2024-12-04 17:24:05,265 - E:\code\ingchips\upper_computer\AutoTestSerialTools\main.py[line:602] - DEBUG: stopbits---1
2024-12-04 17:24:05,265 - E:\code\ingchips\upper_computer\AutoTestSerialTools\main.py[line:603] - DEBUG: Paritybits---N
2024-12-04 17:24:05,585 - E:\code\ingchips\upper_computer\AutoTestSerialTools\main.py[line:600] - DEBUG: 端口COM3已打开
2024-12-04 17:24:05,585 - E:\code\ingchips\upper_computer\AutoTestSerialTools\main.py[line:601] - DEBUG: DataBit---8
2024-12-04 17:24:05,585 - E:\code\ingchips\upper_computer\AutoTestSerialTools\main.py[line:602] - DEBUG: stopbits---1
2024-12-04 17:24:05,585 - E:\code\ingchips\upper_computer\AutoTestSerialTools\main.py[line:603] - DEBUG: Paritybits---N
2024-12-04 17:24:05,914 - E:\code\ingchips\upper_computer\AutoTestSerialTools\main.py[line:600] - DEBUG: 端口COM3已打开
2024-12-04 17:24:05,915 - E:\code\ingchips\upper_computer\AutoTestSerialTools\main.py[line:601] - DEBUG: DataBit---8
2024-12-04 17:24:05,915 - E:\code\ingchips\upper_computer\AutoTestSerialTools\main.py[line:602] - DEBUG: stopbits---1
2024-12-04 17:24:05,915 - E:\code\ingchips\upper_computer\AutoTestSerialTools\main.py[line:603] - DEBUG: Paritybits---N
2024-12-04 17:26:28,378 - E:\code\ingchips\upper_computer\AutoTestSerialTools\main.py[line:99] - DEBUG: 初始化主程序:
2024-12-04 17:26:28,515 - E:\code\ingchips\upper_computer\AutoTestSerialTools\main.py[line:314] - WARNING: No update_plan_builder available, returning empty plan.
2024-12-04 17:26:33,711 - E:\code\ingchips\upper_computer\AutoTestSerialTools\main.py[line:470] - DEBUG: 更新可用串口列表
2024-12-04 17:26:33,711 - E:\code\ingchips\upper_computer\AutoTestSerialTools\main.py[line:490] - DEBUG: 更新串口列表时间0.0s
2024-12-04 17:26:33,711 - E:\code\ingchips\upper_computer\AutoTestSerialTools\main.py[line:253] - DEBUG: 当前系统可用端口:[('COM3', 'JLink CDC UART Port (COM3)'), ('COM4', '蓝牙链接上的标准串行 (COM4)'), ('COM5', '蓝牙链接上的标准串行 (COM5)'), ('COM6', 'USB-SERIAL CH340 (COM6)'), ('COM8', 'USB-SERIAL CH340 (COM8)')]
2024-12-04 17:26:33,711 - E:\code\ingchips\upper_computer\AutoTestSerialTools\main.py[line:256] - DEBUG: 初始化主程序完成
2024-12-04 17:26:36,199 - E:\code\ingchips\upper_computer\AutoTestSerialTools\main.py[line:600] - DEBUG: 端口COM3已打开
2024-12-04 17:26:36,199 - E:\code\ingchips\upper_computer\AutoTestSerialTools\main.py[line:601] - DEBUG: DataBit---8
2024-12-04 17:26:36,199 - E:\code\ingchips\upper_computer\AutoTestSerialTools\main.py[line:602] - DEBUG: stopbits---1
2024-12-04 17:26:36,199 - E:\code\ingchips\upper_computer\AutoTestSerialTools\main.py[line:603] - DEBUG: Paritybits---N
2024-12-04 17:27:13,456 - E:\code\ingchips\upper_computer\AutoTestSerialTools\main.py[line:99] - DEBUG: 初始化主程序:
2024-12-04 17:27:13,627 - E:\code\ingchips\upper_computer\AutoTestSerialTools\main.py[line:314] - WARNING: No update_plan_builder available, returning empty plan.
2024-12-04 17:27:18,828 - E:\code\ingchips\upper_computer\AutoTestSerialTools\main.py[line:470] - DEBUG: 更新可用串口列表
2024-12-04 17:27:18,828 - E:\code\ingchips\upper_computer\AutoTestSerialTools\main.py[line:490] - DEBUG: 更新串口列表时间0.001001596450805664s
2024-12-04 17:27:18,828 - E:\code\ingchips\upper_computer\AutoTestSerialTools\main.py[line:253] - DEBUG: 当前系统可用端口:[('COM3', 'JLink CDC UART Port (COM3)'), ('COM4', '蓝牙链接上的标准串行 (COM4)'), ('COM5', '蓝牙链接上的标准串行 (COM5)'), ('COM6', 'USB-SERIAL CH340 (COM6)'), ('COM8', 'USB-SERIAL CH340 (COM8)')]
2024-12-04 17:27:18,828 - E:\code\ingchips\upper_computer\AutoTestSerialTools\main.py[line:256] - DEBUG: 初始化主程序完成
2024-12-04 17:27:20,347 - E:\code\ingchips\upper_computer\AutoTestSerialTools\main.py[line:600] - DEBUG: 端口COM3已打开
2024-12-04 17:27:20,347 - E:\code\ingchips\upper_computer\AutoTestSerialTools\main.py[line:601] - DEBUG: DataBit---8
2024-12-04 17:27:20,347 - E:\code\ingchips\upper_computer\AutoTestSerialTools\main.py[line:602] - DEBUG: stopbits---1
2024-12-04 17:27:20,347 - E:\code\ingchips\upper_computer\AutoTestSerialTools\main.py[line:603] - DEBUG: Paritybits---N
2024-12-04 17:27:23,729 - E:\code\ingchips\upper_computer\AutoTestSerialTools\main.py[line:600] - DEBUG: 端口COM3已打开
2024-12-04 17:27:23,729 - E:\code\ingchips\upper_computer\AutoTestSerialTools\main.py[line:601] - DEBUG: DataBit---8
2024-12-04 17:27:23,729 - E:\code\ingchips\upper_computer\AutoTestSerialTools\main.py[line:602] - DEBUG: stopbits---1
2024-12-04 17:27:23,729 - E:\code\ingchips\upper_computer\AutoTestSerialTools\main.py[line:603] - DEBUG: Paritybits---N
2024-12-04 17:27:26,465 - E:\code\ingchips\upper_computer\AutoTestSerialTools\main.py[line:504] - DEBUG: 更换选中串口号:COM8
2024-12-04 17:27:27,823 - E:\code\ingchips\upper_computer\AutoTestSerialTools\main.py[line:600] - DEBUG: 端口COM8已打开
2024-12-04 17:27:27,823 - E:\code\ingchips\upper_computer\AutoTestSerialTools\main.py[line:601] - DEBUG: DataBit---8
2024-12-04 17:27:27,823 - E:\code\ingchips\upper_computer\AutoTestSerialTools\main.py[line:602] - DEBUG: stopbits---1
2024-12-04 17:27:27,823 - E:\code\ingchips\upper_computer\AutoTestSerialTools\main.py[line:603] - DEBUG: Paritybits---N
2024-12-04 17:27:28,801 - E:\code\ingchips\upper_computer\AutoTestSerialTools\main.py[line:600] - DEBUG: 端口COM8已打开
2024-12-04 17:27:28,802 - E:\code\ingchips\upper_computer\AutoTestSerialTools\main.py[line:601] - DEBUG: DataBit---8
2024-12-04 17:27:28,802 - E:\code\ingchips\upper_computer\AutoTestSerialTools\main.py[line:602] - DEBUG: stopbits---1
2024-12-04 17:27:28,802 - E:\code\ingchips\upper_computer\AutoTestSerialTools\main.py[line:603] - DEBUG: Paritybits---N
2024-12-04 17:27:32,296 - E:\code\ingchips\upper_computer\AutoTestSerialTools\main.py[line:600] - DEBUG: 端口COM8已打开
2024-12-04 17:27:32,296 - E:\code\ingchips\upper_computer\AutoTestSerialTools\main.py[line:601] - DEBUG: DataBit---8
2024-12-04 17:27:32,296 - E:\code\ingchips\upper_computer\AutoTestSerialTools\main.py[line:602] - DEBUG: stopbits---1
2024-12-04 17:27:32,296 - E:\code\ingchips\upper_computer\AutoTestSerialTools\main.py[line:603] - DEBUG: Paritybits---N
2024-12-04 17:27:32,903 - E:\code\ingchips\upper_computer\AutoTestSerialTools\main.py[line:600] - DEBUG: 端口COM8已打开
2024-12-04 17:27:32,904 - E:\code\ingchips\upper_computer\AutoTestSerialTools\main.py[line:601] - DEBUG: DataBit---8
2024-12-04 17:27:32,904 - E:\code\ingchips\upper_computer\AutoTestSerialTools\main.py[line:602] - DEBUG: stopbits---1
2024-12-04 17:27:32,904 - E:\code\ingchips\upper_computer\AutoTestSerialTools\main.py[line:603] - DEBUG: Paritybits---N
2024-12-04 17:27:33,240 - E:\code\ingchips\upper_computer\AutoTestSerialTools\main.py[line:600] - DEBUG: 端口COM8已打开
2024-12-04 17:27:33,240 - E:\code\ingchips\upper_computer\AutoTestSerialTools\main.py[line:601] - DEBUG: DataBit---8
2024-12-04 17:27:33,240 - E:\code\ingchips\upper_computer\AutoTestSerialTools\main.py[line:602] - DEBUG: stopbits---1
2024-12-04 17:27:33,240 - E:\code\ingchips\upper_computer\AutoTestSerialTools\main.py[line:603] - DEBUG: Paritybits---N
2024-12-04 17:27:33,552 - E:\code\ingchips\upper_computer\AutoTestSerialTools\main.py[line:600] - DEBUG: 端口COM8已打开
2024-12-04 17:27:33,552 - E:\code\ingchips\upper_computer\AutoTestSerialTools\main.py[line:601] - DEBUG: DataBit---8
2024-12-04 17:27:33,552 - E:\code\ingchips\upper_computer\AutoTestSerialTools\main.py[line:602] - DEBUG: stopbits---1
2024-12-04 17:27:33,552 - E:\code\ingchips\upper_computer\AutoTestSerialTools\main.py[line:603] - DEBUG: Paritybits---N
2024-12-04 17:27:33,879 - E:\code\ingchips\upper_computer\AutoTestSerialTools\main.py[line:600] - DEBUG: 端口COM8已打开
2024-12-04 17:27:33,879 - E:\code\ingchips\upper_computer\AutoTestSerialTools\main.py[line:601] - DEBUG: DataBit---8
2024-12-04 17:27:33,879 - E:\code\ingchips\upper_computer\AutoTestSerialTools\main.py[line:602] - DEBUG: stopbits---1
2024-12-04 17:27:33,879 - E:\code\ingchips\upper_computer\AutoTestSerialTools\main.py[line:603] - DEBUG: Paritybits---N
2024-12-04 17:27:34,175 - E:\code\ingchips\upper_computer\AutoTestSerialTools\main.py[line:600] - DEBUG: 端口COM8已打开
2024-12-04 17:27:34,175 - E:\code\ingchips\upper_computer\AutoTestSerialTools\main.py[line:601] - DEBUG: DataBit---8
2024-12-04 17:27:34,175 - E:\code\ingchips\upper_computer\AutoTestSerialTools\main.py[line:602] - DEBUG: stopbits---1
2024-12-04 17:27:34,175 - E:\code\ingchips\upper_computer\AutoTestSerialTools\main.py[line:603] - DEBUG: Paritybits---N
2024-12-04 17:27:34,487 - E:\code\ingchips\upper_computer\AutoTestSerialTools\main.py[line:600] - DEBUG: 端口COM8已打开
2024-12-04 17:27:34,487 - E:\code\ingchips\upper_computer\AutoTestSerialTools\main.py[line:601] - DEBUG: DataBit---8
2024-12-04 17:27:34,487 - E:\code\ingchips\upper_computer\AutoTestSerialTools\main.py[line:602] - DEBUG: stopbits---1
2024-12-04 17:27:34,487 - E:\code\ingchips\upper_computer\AutoTestSerialTools\main.py[line:603] - DEBUG: Paritybits---N
2024-12-04 17:27:34,792 - E:\code\ingchips\upper_computer\AutoTestSerialTools\main.py[line:600] - DEBUG: 端口COM8已打开
2024-12-04 17:27:34,792 - E:\code\ingchips\upper_computer\AutoTestSerialTools\main.py[line:601] - DEBUG: DataBit---8
2024-12-04 17:27:34,792 - E:\code\ingchips\upper_computer\AutoTestSerialTools\main.py[line:602] - DEBUG: stopbits---1
2024-12-04 17:27:34,792 - E:\code\ingchips\upper_computer\AutoTestSerialTools\main.py[line:603] - DEBUG: Paritybits---N
2024-12-04 17:27:35,102 - E:\code\ingchips\upper_computer\AutoTestSerialTools\main.py[line:600] - DEBUG: 端口COM8已打开
2024-12-04 17:27:35,102 - E:\code\ingchips\upper_computer\AutoTestSerialTools\main.py[line:601] - DEBUG: DataBit---8
2024-12-04 17:27:35,102 - E:\code\ingchips\upper_computer\AutoTestSerialTools\main.py[line:602] - DEBUG: stopbits---1
2024-12-04 17:27:35,103 - E:\code\ingchips\upper_computer\AutoTestSerialTools\main.py[line:603] - DEBUG: Paritybits---N
2024-12-04 17:27:35,431 - E:\code\ingchips\upper_computer\AutoTestSerialTools\main.py[line:600] - DEBUG: 端口COM8已打开
2024-12-04 17:27:35,431 - E:\code\ingchips\upper_computer\AutoTestSerialTools\main.py[line:601] - DEBUG: DataBit---8
2024-12-04 17:27:35,431 - E:\code\ingchips\upper_computer\AutoTestSerialTools\main.py[line:602] - DEBUG: stopbits---1
2024-12-04 17:27:35,431 - E:\code\ingchips\upper_computer\AutoTestSerialTools\main.py[line:603] - DEBUG: Paritybits---N
2024-12-04 17:27:38,900 - E:\code\ingchips\upper_computer\AutoTestSerialTools\main.py[line:504] - DEBUG: 更换选中串口号:COM3
2024-12-04 17:27:39,660 - E:\code\ingchips\upper_computer\AutoTestSerialTools\main.py[line:600] - DEBUG: 端口COM3已打开
2024-12-04 17:27:39,660 - E:\code\ingchips\upper_computer\AutoTestSerialTools\main.py[line:601] - DEBUG: DataBit---8
2024-12-04 17:27:39,660 - E:\code\ingchips\upper_computer\AutoTestSerialTools\main.py[line:602] - DEBUG: stopbits---1
2024-12-04 17:27:39,660 - E:\code\ingchips\upper_computer\AutoTestSerialTools\main.py[line:603] - DEBUG: Paritybits---N
2024-12-04 17:27:41,316 - E:\code\ingchips\upper_computer\AutoTestSerialTools\main.py[line:600] - DEBUG: 端口COM3已打开
2024-12-04 17:27:41,316 - E:\code\ingchips\upper_computer\AutoTestSerialTools\main.py[line:601] - DEBUG: DataBit---8
2024-12-04 17:27:41,316 - E:\code\ingchips\upper_computer\AutoTestSerialTools\main.py[line:602] - DEBUG: stopbits---1
2024-12-04 17:27:41,316 - E:\code\ingchips\upper_computer\AutoTestSerialTools\main.py[line:603] - DEBUG: Paritybits---N
2024-12-04 17:27:42,732 - E:\code\ingchips\upper_computer\AutoTestSerialTools\main.py[line:600] - DEBUG: 端口COM3已打开
2024-12-04 17:27:42,732 - E:\code\ingchips\upper_computer\AutoTestSerialTools\main.py[line:601] - DEBUG: DataBit---8
2024-12-04 17:27:42,732 - E:\code\ingchips\upper_computer\AutoTestSerialTools\main.py[line:602] - DEBUG: stopbits---1
2024-12-04 17:27:42,732 - E:\code\ingchips\upper_computer\AutoTestSerialTools\main.py[line:603] - DEBUG: Paritybits---N
2024-12-04 17:27:43,827 - E:\code\ingchips\upper_computer\AutoTestSerialTools\main.py[line:600] - DEBUG: 端口COM3已打开
2024-12-04 17:27:43,827 - E:\code\ingchips\upper_computer\AutoTestSerialTools\main.py[line:601] - DEBUG: DataBit---8
2024-12-04 17:27:43,827 - E:\code\ingchips\upper_computer\AutoTestSerialTools\main.py[line:602] - DEBUG: stopbits---1
2024-12-04 17:27:43,827 - E:\code\ingchips\upper_computer\AutoTestSerialTools\main.py[line:603] - DEBUG: Paritybits---N
2024-12-04 17:27:45,537 - E:\code\ingchips\upper_computer\AutoTestSerialTools\main.py[line:600] - DEBUG: 端口COM3已打开
2024-12-04 17:27:45,537 - E:\code\ingchips\upper_computer\AutoTestSerialTools\main.py[line:601] - DEBUG: DataBit---8
2024-12-04 17:27:45,538 - E:\code\ingchips\upper_computer\AutoTestSerialTools\main.py[line:602] - DEBUG: stopbits---1
2024-12-04 17:27:45,538 - E:\code\ingchips\upper_computer\AutoTestSerialTools\main.py[line:603] - DEBUG: Paritybits---N
2024-12-04 17:27:54,302 - E:\code\ingchips\upper_computer\AutoTestSerialTools\main.py[line:600] - DEBUG: 端口COM3已打开
2024-12-04 17:27:54,302 - E:\code\ingchips\upper_computer\AutoTestSerialTools\main.py[line:601] - DEBUG: DataBit---8
2024-12-04 17:27:54,302 - E:\code\ingchips\upper_computer\AutoTestSerialTools\main.py[line:602] - DEBUG: stopbits---1
2024-12-04 17:27:54,302 - E:\code\ingchips\upper_computer\AutoTestSerialTools\main.py[line:603] - DEBUG: Paritybits---N
2024-12-04 17:27:55,478 - E:\code\ingchips\upper_computer\AutoTestSerialTools\main.py[line:600] - DEBUG: 端口COM3已打开
2024-12-04 17:27:55,479 - E:\code\ingchips\upper_computer\AutoTestSerialTools\main.py[line:601] - DEBUG: DataBit---8
2024-12-04 17:27:55,479 - E:\code\ingchips\upper_computer\AutoTestSerialTools\main.py[line:602] - DEBUG: stopbits---1
2024-12-04 17:27:55,479 - E:\code\ingchips\upper_computer\AutoTestSerialTools\main.py[line:603] - DEBUG: Paritybits---N
2024-12-04 17:27:56,645 - E:\code\ingchips\upper_computer\AutoTestSerialTools\main.py[line:600] - DEBUG: 端口COM3已打开
2024-12-04 17:27:56,645 - E:\code\ingchips\upper_computer\AutoTestSerialTools\main.py[line:601] - DEBUG: DataBit---8
2024-12-04 17:27:56,645 - E:\code\ingchips\upper_computer\AutoTestSerialTools\main.py[line:602] - DEBUG: stopbits---1
2024-12-04 17:27:56,645 - E:\code\ingchips\upper_computer\AutoTestSerialTools\main.py[line:603] - DEBUG: Paritybits---N
2024-12-04 17:27:57,854 - E:\code\ingchips\upper_computer\AutoTestSerialTools\main.py[line:600] - DEBUG: 端口COM3已打开
2024-12-04 17:27:57,854 - E:\code\ingchips\upper_computer\AutoTestSerialTools\main.py[line:601] - DEBUG: DataBit---8
2024-12-04 17:27:57,854 - E:\code\ingchips\upper_computer\AutoTestSerialTools\main.py[line:602] - DEBUG: stopbits---1
2024-12-04 17:27:57,854 - E:\code\ingchips\upper_computer\AutoTestSerialTools\main.py[line:603] - DEBUG: Paritybits---N
2024-12-04 17:28:23,512 - E:\code\ingchips\upper_computer\AutoTestSerialTools\main.py[line:3809] - DEBUG: 开始进行自动化单次发送测试
2024-12-04 17:28:24,523 - E:\code\ingchips\upper_computer\AutoTestSerialTools\main.py[line:3364] - DEBUG: 指令 [254, 254, 254, 254, 104, 0, 0, 3, 8, 0, 0, 0, 255, 255, 255, 255, 255, 255, 0, 0, 0, 0, 104, 213, 22]响应超时，请检查该指令是否正确！！！

2024-12-04 17:28:24,524 - E:\code\ingchips\upper_computer\AutoTestSerialTools\main.py[line:4186] - DEBUG: <span style='color:red;'>指令 FE FE FE FE 68 00 00 03 08 00 00 00 FF FF FF FF FF FF 00 00 00 00 68 D5 16 响应超时，请检查该指令是否正确！！！</span>
2024-12-04 17:31:27,985 - E:\code\ingchips\upper_computer\AutoTestSerialTools\main.py[line:99] - DEBUG: 初始化主程序:
2024-12-04 17:31:28,206 - E:\code\ingchips\upper_computer\AutoTestSerialTools\main.py[line:314] - WARNING: No update_plan_builder available, returning empty plan.
2024-12-04 17:31:33,406 - E:\code\ingchips\upper_computer\AutoTestSerialTools\main.py[line:470] - DEBUG: 更新可用串口列表
2024-12-04 17:31:33,406 - E:\code\ingchips\upper_computer\AutoTestSerialTools\main.py[line:490] - DEBUG: 更新串口列表时间0.0s
2024-12-04 17:31:33,406 - E:\code\ingchips\upper_computer\AutoTestSerialTools\main.py[line:253] - DEBUG: 当前系统可用端口:[('COM3', 'JLink CDC UART Port (COM3)'), ('COM4', '蓝牙链接上的标准串行 (COM4)'), ('COM5', '蓝牙链接上的标准串行 (COM5)'), ('COM6', 'USB-SERIAL CH340 (COM6)'), ('COM8', 'USB-SERIAL CH340 (COM8)')]
2024-12-04 17:31:33,406 - E:\code\ingchips\upper_computer\AutoTestSerialTools\main.py[line:256] - DEBUG: 初始化主程序完成
2024-12-04 17:31:35,932 - E:\code\ingchips\upper_computer\AutoTestSerialTools\main.py[line:600] - DEBUG: 端口COM3已打开
2024-12-04 17:31:35,933 - E:\code\ingchips\upper_computer\AutoTestSerialTools\main.py[line:601] - DEBUG: DataBit---8
2024-12-04 17:31:35,933 - E:\code\ingchips\upper_computer\AutoTestSerialTools\main.py[line:602] - DEBUG: stopbits---1
2024-12-04 17:31:35,933 - E:\code\ingchips\upper_computer\AutoTestSerialTools\main.py[line:603] - DEBUG: Paritybits---N
2024-12-04 17:31:36,828 - E:\code\ingchips\upper_computer\AutoTestSerialTools\main.py[line:934] - DEBUG: 串口接收:14
2024-12-04 17:31:36,828 - E:\code\ingchips\upper_computer\AutoTestSerialTools\main.py[line:943] - DEBUG: 当前时间: 2024-12-04 17:31:36.828,当前窗口:MAC,接收到的原始数据:55 61 72 74 42 75 72 6E 53 74 61 72 74 0A
2024-12-04 17:31:36,829 - E:\code\ingchips\upper_computer\AutoTestSerialTools\main.py[line:693] - DEBUG: Response parsed Fail:Invalid header(0xFE, 0xFE, 0xFE, 0xFE).
2024-12-04 17:31:36,830 - E:\code\ingchips\upper_computer\AutoTestSerialTools\main.py[line:2451] - DEBUG: Failed to parse response.
2024-12-04 17:31:39,525 - E:\code\ingchips\upper_computer\AutoTestSerialTools\main.py[line:3809] - DEBUG: 开始进行自动化单次发送测试
2024-12-04 17:31:39,650 - E:\code\ingchips\upper_computer\AutoTestSerialTools\main.py[line:934] - DEBUG: 串口接收:18
2024-12-04 17:31:39,650 - E:\code\ingchips\upper_computer\AutoTestSerialTools\main.py[line:943] - DEBUG: 当前时间: 2024-12-04 17:31:39.650,当前窗口:MAC,接收到的原始数据:23 24 6E 61 6B 0A 23 24 6E 61 6B 0A 23 24 6E 61 6B 0A
2024-12-04 17:31:39,651 - E:\code\ingchips\upper_computer\AutoTestSerialTools\main.py[line:693] - DEBUG: Response parsed Fail:Invalid header(0xFE, 0xFE, 0xFE, 0xFE).
2024-12-04 17:31:39,651 - E:\code\ingchips\upper_computer\AutoTestSerialTools\main.py[line:2451] - DEBUG: Failed to parse response.
2024-12-04 17:31:40,533 - E:\code\ingchips\upper_computer\AutoTestSerialTools\main.py[line:3364] - DEBUG: 指令 [254, 254, 254, 254, 104, 0, 0, 3, 8, 0, 0, 0, 255, 255, 255, 255, 255, 255, 0, 0, 0, 0, 104, 213, 22]响应超时，请检查该指令是否正确！！！

2024-12-04 17:31:40,533 - E:\code\ingchips\upper_computer\AutoTestSerialTools\main.py[line:4186] - DEBUG: <span style='color:red;'>指令 FE FE FE FE 68 00 00 03 08 00 00 00 FF FF FF FF FF FF 00 00 00 00 68 D5 16 响应超时，请检查该指令是否正确！！！</span>
2024-12-04 17:31:42,896 - E:\code\ingchips\upper_computer\AutoTestSerialTools\main.py[line:934] - DEBUG: 串口接收:430
2024-12-04 17:31:42,897 - E:\code\ingchips\upper_computer\AutoTestSerialTools\main.py[line:943] - DEBUG: 当前时间: 2024-12-04 17:31:42.896,当前窗口:MAC,接收到的原始数据:6D 61 69 6E 0D 0A 72 64 2C 6E 65 78 74 3A 31 35 3B 72 64 2C 6E 65 78 74 3A 31 34 3B 72 64 2C 6E 65 78 74 3A 31 33 3B 72 64 2C 6E 65 78 74 3A 31 32 3B 72 64 2C 6E 65 78 74 3A 31 31 3B 72 64 2C 6E 65 78 74 3A 31 30 3B 72 64 2C 6E 65 78 74 3A 39 3B 72 64 2C 6E 65 78 74 3A 38 3B 72 64 2C 6E 65 78 74 3A 37 3B 72 64 2C 6E 65 78 74 3A 36 3B 72 64 2C 6E 65 78 74 3A 35 3B 72 64 2C 6E 65 78 74 3A 34 3B 72 64 2C 6E 65 78 74 3A 33 3B 72 64 2C 6E 65 78 74 3A 32 3B 72 64 2C 6E 65 78 74 3A 31 3B 62 6C 6F 63 6B 20 64 61 74 61 20 69 73 20 69 6E 76 61 6C 69 64 2C 20 73 65 74 20 30 78 46 46 21 0D 0A 75 73 65 20 64 65 66 61 75 6C 74 20 76 61 6C 75 65 0D 0A 46 57 3A 30 32 30 32 30 30 30 30 0D 0A 70 6C 74 66 6F 72 6D 20 76 65 72 73 69 6F 6E 3A 31 2E 39 2E 37 30 0A 0A 62 74 5F 61 64 64 72 3A 37 62 2D 30 30 2D 30 30 2D 30 30 2D 30 30 2D 63 31 0D 0A 30 78 37 62 2D 2D 30 78 30 30 2D 2D 30 78 30 30 2D 2D 30 78 30 30 2D 2D 30 78 30 30 2D 2D 30 78 30 30 2D 2D 68 6F 73 74 20 65 6E 61 62 6C 65 20 61 64 76 0A 70 65 72 69 70 68 65 72 61 6C 20 72 6F 6C 65 20 75 70 64 61 74 65 0A 70 65 72 69 70 68 65 72 61 6C 20 72 6F 6C 65 20 65 6E 61 62 6C 65 0A 68 6F 73 74 20 65 6E 61 62 6C 65 20 61 64 76 0A 70 65 72 69 70 68 65 72 61 6C 5F 72 6F 6C 65 5F 75 70 64 61 74 65 20 64 69 73 20 72 0A 73 6D 20 30 78 64 65 0A
2024-12-04 17:31:42,903 - E:\code\ingchips\upper_computer\AutoTestSerialTools\main.py[line:693] - DEBUG: Response parsed Fail:Invalid header(0xFE, 0xFE, 0xFE, 0xFE).
2024-12-04 17:31:42,903 - E:\code\ingchips\upper_computer\AutoTestSerialTools\main.py[line:2451] - DEBUG: Failed to parse response.
2024-12-04 17:31:46,057 - E:\code\ingchips\upper_computer\AutoTestSerialTools\main.py[line:934] - DEBUG: 串口接收:14
2024-12-04 17:31:46,057 - E:\code\ingchips\upper_computer\AutoTestSerialTools\main.py[line:943] - DEBUG: 当前时间: 2024-12-04 17:31:46.057,当前窗口:MAC,接收到的原始数据:55 61 72 74 42 75 72 6E 53 74 61 72 74 0A
2024-12-04 17:31:46,058 - E:\code\ingchips\upper_computer\AutoTestSerialTools\main.py[line:693] - DEBUG: Response parsed Fail:Invalid header(0xFE, 0xFE, 0xFE, 0xFE).
2024-12-04 17:31:46,058 - E:\code\ingchips\upper_computer\AutoTestSerialTools\main.py[line:2451] - DEBUG: Failed to parse response.
2024-12-04 17:31:52,998 - E:\code\ingchips\upper_computer\AutoTestSerialTools\main.py[line:3869] - DEBUG: 开始进行自动化测试！
2024-12-04 17:31:52,999 - E:\code\ingchips\upper_computer\AutoTestSerialTools\main.py[line:3343] - DEBUG: All commands processed end...............
2024-12-04 17:31:53,504 - E:\code\ingchips\upper_computer\AutoTestSerialTools\main.py[line:4186] - DEBUG: 开始发送测试指令,2024-12-04 17:31:53.504: <b>FE FE FE FE 68 00 00 03 08 00 00 00 FF FF FF FF FF FF 00 00 00 00 68 D5 16</b>
2024-12-04 17:31:53,629 - E:\code\ingchips\upper_computer\AutoTestSerialTools\main.py[line:934] - DEBUG: 串口接收:18
2024-12-04 17:31:53,630 - E:\code\ingchips\upper_computer\AutoTestSerialTools\main.py[line:943] - DEBUG: 当前时间: 2024-12-04 17:31:53.630,当前窗口:MAC,接收到的原始数据:23 24 6E 61 6B 0A 23 24 6E 61 6B 0A 23 24 6E 61 6B 0A
2024-12-04 17:31:53,630 - E:\code\ingchips\upper_computer\AutoTestSerialTools\main.py[line:693] - DEBUG: Response parsed Fail:Invalid header(0xFE, 0xFE, 0xFE, 0xFE).
2024-12-04 17:31:53,631 - E:\code\ingchips\upper_computer\AutoTestSerialTools\main.py[line:2451] - DEBUG: Failed to parse response.
2024-12-04 17:31:55,520 - E:\code\ingchips\upper_computer\AutoTestSerialTools\main.py[line:3364] - DEBUG: 指令 [254, 254, 254, 254, 104, 0, 0, 3, 8, 0, 0, 0, 255, 255, 255, 255, 255, 255, 0, 0, 0, 0, 104, 213, 22]响应超时，请检查该指令是否正确！！！

2024-12-04 17:31:55,520 - E:\code\ingchips\upper_computer\AutoTestSerialTools\main.py[line:4186] - DEBUG: <span style='color:red;'>指令 FE FE FE FE 68 00 00 03 08 00 00 00 FF FF FF FF FF FF 00 00 00 00 68 D5 16 响应超时，请检查该指令是否正确！！！</span>
2024-12-04 17:32:18,227 - E:\code\ingchips\upper_computer\AutoTestSerialTools\main.py[line:934] - DEBUG: 串口接收:14
2024-12-04 17:32:18,227 - E:\code\ingchips\upper_computer\AutoTestSerialTools\main.py[line:943] - DEBUG: 当前时间: 2024-12-04 17:32:18.227,当前窗口:MAC,接收到的原始数据:55 61 72 74 42 75 72 6E 53 74 61 72 74 0A
2024-12-04 17:32:18,227 - E:\code\ingchips\upper_computer\AutoTestSerialTools\main.py[line:693] - DEBUG: Response parsed Fail:Invalid header(0xFE, 0xFE, 0xFE, 0xFE).
2024-12-04 17:32:18,227 - E:\code\ingchips\upper_computer\AutoTestSerialTools\main.py[line:2451] - DEBUG: Failed to parse response.
2024-12-04 17:32:23,844 - E:\code\ingchips\upper_computer\AutoTestSerialTools\main.py[line:600] - DEBUG: 端口COM3已打开
2024-12-04 17:32:23,845 - E:\code\ingchips\upper_computer\AutoTestSerialTools\main.py[line:601] - DEBUG: DataBit---8
2024-12-04 17:32:23,845 - E:\code\ingchips\upper_computer\AutoTestSerialTools\main.py[line:602] - DEBUG: stopbits---1
2024-12-04 17:32:23,845 - E:\code\ingchips\upper_computer\AutoTestSerialTools\main.py[line:603] - DEBUG: Paritybits---N
2024-12-04 17:32:25,483 - E:\code\ingchips\upper_computer\AutoTestSerialTools\main.py[line:600] - DEBUG: 端口COM3已打开
2024-12-04 17:32:25,483 - E:\code\ingchips\upper_computer\AutoTestSerialTools\main.py[line:601] - DEBUG: DataBit---8
2024-12-04 17:32:25,483 - E:\code\ingchips\upper_computer\AutoTestSerialTools\main.py[line:602] - DEBUG: stopbits---1
2024-12-04 17:32:25,483 - E:\code\ingchips\upper_computer\AutoTestSerialTools\main.py[line:603] - DEBUG: Paritybits---N
2024-12-04 17:32:26,330 - E:\code\ingchips\upper_computer\AutoTestSerialTools\main.py[line:600] - DEBUG: 端口COM3已打开
2024-12-04 17:32:26,330 - E:\code\ingchips\upper_computer\AutoTestSerialTools\main.py[line:601] - DEBUG: DataBit---8
2024-12-04 17:32:26,330 - E:\code\ingchips\upper_computer\AutoTestSerialTools\main.py[line:602] - DEBUG: stopbits---1
2024-12-04 17:32:26,330 - E:\code\ingchips\upper_computer\AutoTestSerialTools\main.py[line:603] - DEBUG: Paritybits---N
2024-12-04 17:32:26,652 - E:\code\ingchips\upper_computer\AutoTestSerialTools\main.py[line:600] - DEBUG: 端口COM3已打开
2024-12-04 17:32:26,652 - E:\code\ingchips\upper_computer\AutoTestSerialTools\main.py[line:601] - DEBUG: DataBit---8
2024-12-04 17:32:26,652 - E:\code\ingchips\upper_computer\AutoTestSerialTools\main.py[line:602] - DEBUG: stopbits---1
2024-12-04 17:32:26,652 - E:\code\ingchips\upper_computer\AutoTestSerialTools\main.py[line:603] - DEBUG: Paritybits---N
2024-12-04 17:32:26,980 - E:\code\ingchips\upper_computer\AutoTestSerialTools\main.py[line:600] - DEBUG: 端口COM3已打开
2024-12-04 17:32:26,980 - E:\code\ingchips\upper_computer\AutoTestSerialTools\main.py[line:601] - DEBUG: DataBit---8
2024-12-04 17:32:26,980 - E:\code\ingchips\upper_computer\AutoTestSerialTools\main.py[line:602] - DEBUG: stopbits---1
2024-12-04 17:32:26,980 - E:\code\ingchips\upper_computer\AutoTestSerialTools\main.py[line:603] - DEBUG: Paritybits---N
2024-12-04 17:32:27,555 - E:\code\ingchips\upper_computer\AutoTestSerialTools\main.py[line:600] - DEBUG: 端口COM3已打开
2024-12-04 17:32:27,555 - E:\code\ingchips\upper_computer\AutoTestSerialTools\main.py[line:601] - DEBUG: DataBit---8
2024-12-04 17:32:27,555 - E:\code\ingchips\upper_computer\AutoTestSerialTools\main.py[line:602] - DEBUG: stopbits---1
2024-12-04 17:32:27,556 - E:\code\ingchips\upper_computer\AutoTestSerialTools\main.py[line:603] - DEBUG: Paritybits---N
2024-12-04 17:32:28,338 - E:\code\ingchips\upper_computer\AutoTestSerialTools\main.py[line:600] - DEBUG: 端口COM3已打开
2024-12-04 17:32:28,338 - E:\code\ingchips\upper_computer\AutoTestSerialTools\main.py[line:601] - DEBUG: DataBit---8
2024-12-04 17:32:28,338 - E:\code\ingchips\upper_computer\AutoTestSerialTools\main.py[line:602] - DEBUG: stopbits---1
2024-12-04 17:32:28,338 - E:\code\ingchips\upper_computer\AutoTestSerialTools\main.py[line:603] - DEBUG: Paritybits---N
2024-12-04 17:32:28,682 - E:\code\ingchips\upper_computer\AutoTestSerialTools\main.py[line:600] - DEBUG: 端口COM3已打开
2024-12-04 17:32:28,682 - E:\code\ingchips\upper_computer\AutoTestSerialTools\main.py[line:601] - DEBUG: DataBit---8
2024-12-04 17:32:28,682 - E:\code\ingchips\upper_computer\AutoTestSerialTools\main.py[line:602] - DEBUG: stopbits---1
2024-12-04 17:32:28,682 - E:\code\ingchips\upper_computer\AutoTestSerialTools\main.py[line:603] - DEBUG: Paritybits---N
2024-12-04 17:32:29,306 - E:\code\ingchips\upper_computer\AutoTestSerialTools\main.py[line:600] - DEBUG: 端口COM3已打开
2024-12-04 17:32:29,306 - E:\code\ingchips\upper_computer\AutoTestSerialTools\main.py[line:601] - DEBUG: DataBit---8
2024-12-04 17:32:29,306 - E:\code\ingchips\upper_computer\AutoTestSerialTools\main.py[line:602] - DEBUG: stopbits---1
2024-12-04 17:32:29,306 - E:\code\ingchips\upper_computer\AutoTestSerialTools\main.py[line:603] - DEBUG: Paritybits---N
2024-12-04 17:32:29,842 - E:\code\ingchips\upper_computer\AutoTestSerialTools\main.py[line:600] - DEBUG: 端口COM3已打开
2024-12-04 17:32:29,842 - E:\code\ingchips\upper_computer\AutoTestSerialTools\main.py[line:601] - DEBUG: DataBit---8
2024-12-04 17:32:29,842 - E:\code\ingchips\upper_computer\AutoTestSerialTools\main.py[line:602] - DEBUG: stopbits---1
2024-12-04 17:32:29,842 - E:\code\ingchips\upper_computer\AutoTestSerialTools\main.py[line:603] - DEBUG: Paritybits---N
2024-12-04 17:32:30,155 - E:\code\ingchips\upper_computer\AutoTestSerialTools\main.py[line:600] - DEBUG: 端口COM3已打开
2024-12-04 17:32:30,155 - E:\code\ingchips\upper_computer\AutoTestSerialTools\main.py[line:601] - DEBUG: DataBit---8
2024-12-04 17:32:30,155 - E:\code\ingchips\upper_computer\AutoTestSerialTools\main.py[line:602] - DEBUG: stopbits---1
2024-12-04 17:32:30,155 - E:\code\ingchips\upper_computer\AutoTestSerialTools\main.py[line:603] - DEBUG: Paritybits---N
2024-12-04 17:32:30,474 - E:\code\ingchips\upper_computer\AutoTestSerialTools\main.py[line:600] - DEBUG: 端口COM3已打开
2024-12-04 17:32:30,474 - E:\code\ingchips\upper_computer\AutoTestSerialTools\main.py[line:601] - DEBUG: DataBit---8
2024-12-04 17:32:30,474 - E:\code\ingchips\upper_computer\AutoTestSerialTools\main.py[line:602] - DEBUG: stopbits---1
2024-12-04 17:32:30,474 - E:\code\ingchips\upper_computer\AutoTestSerialTools\main.py[line:603] - DEBUG: Paritybits---N
2024-12-05 10:55:13,840 - E:\code\ingchips\upper_computer\AutoTestSerialTools\main.py[line:98] - DEBUG: 初始化主程序:
2024-12-05 10:55:13,997 - E:\code\ingchips\upper_computer\AutoTestSerialTools\main.py[line:313] - WARNING: No update_plan_builder available, returning empty plan.
2024-12-05 10:55:19,201 - E:\code\ingchips\upper_computer\AutoTestSerialTools\main.py[line:469] - DEBUG: 更新可用串口列表
2024-12-05 10:55:19,201 - E:\code\ingchips\upper_computer\AutoTestSerialTools\main.py[line:489] - DEBUG: 更新串口列表时间0.0s
2024-12-05 10:55:19,201 - E:\code\ingchips\upper_computer\AutoTestSerialTools\main.py[line:252] - DEBUG: 当前系统可用端口:[('COM3', 'JLink CDC UART Port (COM3)'), ('COM4', '蓝牙链接上的标准串行 (COM4)'), ('COM5', '蓝牙链接上的标准串行 (COM5)'), ('COM6', 'USB-SERIAL CH340 (COM6)'), ('COM8', 'USB-SERIAL CH340 (COM8)')]
2024-12-05 10:55:19,201 - E:\code\ingchips\upper_computer\AutoTestSerialTools\main.py[line:255] - DEBUG: 初始化主程序完成
2024-12-05 10:55:21,019 - E:\code\ingchips\upper_computer\AutoTestSerialTools\main.py[line:566] - DEBUG: 端口COM3未打开
2024-12-05 10:55:30,948 - E:\code\ingchips\upper_computer\AutoTestSerialTools\main.py[line:619] - ERROR: 端口exception: stack overflow打开出错
2024-12-05 11:04:18,227 - E:\code\ingchips\upper_computer\AutoTestSerialTools\main.py[line:98] - DEBUG: 初始化主程序:
2024-12-05 11:04:18,403 - E:\code\ingchips\upper_computer\AutoTestSerialTools\main.py[line:313] - WARNING: No update_plan_builder available, returning empty plan.
2024-12-05 11:04:23,604 - E:\code\ingchips\upper_computer\AutoTestSerialTools\main.py[line:469] - DEBUG: 更新可用串口列表
2024-12-05 11:04:23,604 - E:\code\ingchips\upper_computer\AutoTestSerialTools\main.py[line:489] - DEBUG: 更新串口列表时间0.0s
2024-12-05 11:04:23,604 - E:\code\ingchips\upper_computer\AutoTestSerialTools\main.py[line:252] - DEBUG: 当前系统可用端口:[('COM3', 'JLink CDC UART Port (COM3)'), ('COM4', '蓝牙链接上的标准串行 (COM4)'), ('COM5', '蓝牙链接上的标准串行 (COM5)'), ('COM6', 'USB-SERIAL CH340 (COM6)'), ('COM8', 'USB-SERIAL CH340 (COM8)')]
2024-12-05 11:04:23,604 - E:\code\ingchips\upper_computer\AutoTestSerialTools\main.py[line:255] - DEBUG: 初始化主程序完成
2024-12-05 11:04:28,488 - E:\code\ingchips\upper_computer\AutoTestSerialTools\main.py[line:566] - DEBUG: 端口COM3未打开
2024-12-05 11:04:38,212 - E:\code\ingchips\upper_computer\AutoTestSerialTools\main.py[line:619] - ERROR: 端口exception: stack overflow打开出错
2024-12-05 11:04:52,758 - E:\code\ingchips\upper_computer\AutoTestSerialTools\main.py[line:619] - ERROR: 端口could not open port 'COM3': PermissionError(13, '拒绝访问。', None, 5)打开出错
2024-12-05 11:04:55,302 - E:\code\ingchips\upper_computer\AutoTestSerialTools\main.py[line:619] - ERROR: 端口could not open port 'COM3': PermissionError(13, '拒绝访问。', None, 5)打开出错
2024-12-05 11:04:57,268 - E:\code\ingchips\upper_computer\AutoTestSerialTools\main.py[line:619] - ERROR: 端口could not open port 'COM3': PermissionError(13, '拒绝访问。', None, 5)打开出错
2024-12-05 11:05:00,732 - E:\code\ingchips\upper_computer\AutoTestSerialTools\main.py[line:503] - DEBUG: 更换选中串口号:COM4
2024-12-05 11:05:01,324 - E:\code\ingchips\upper_computer\AutoTestSerialTools\main.py[line:593] - DEBUG: 端口COM4已打开
2024-12-05 11:05:01,324 - E:\code\ingchips\upper_computer\AutoTestSerialTools\main.py[line:594] - DEBUG: DataBit---8
2024-12-05 11:05:01,324 - E:\code\ingchips\upper_computer\AutoTestSerialTools\main.py[line:595] - DEBUG: stopbits---1
2024-12-05 11:05:01,324 - E:\code\ingchips\upper_computer\AutoTestSerialTools\main.py[line:596] - DEBUG: Paritybits---N
2024-12-05 11:05:05,513 - E:\code\ingchips\upper_computer\AutoTestSerialTools\main.py[line:562] - DEBUG: 端口COM4已关闭
2024-12-05 11:05:06,665 - E:\code\ingchips\upper_computer\AutoTestSerialTools\main.py[line:593] - DEBUG: 端口COM4已打开
2024-12-05 11:05:06,665 - E:\code\ingchips\upper_computer\AutoTestSerialTools\main.py[line:594] - DEBUG: DataBit---8
2024-12-05 11:05:06,665 - E:\code\ingchips\upper_computer\AutoTestSerialTools\main.py[line:595] - DEBUG: stopbits---1
2024-12-05 11:05:06,665 - E:\code\ingchips\upper_computer\AutoTestSerialTools\main.py[line:596] - DEBUG: Paritybits---N
2024-12-05 11:05:08,751 - E:\code\ingchips\upper_computer\AutoTestSerialTools\main.py[line:562] - DEBUG: 端口COM4已关闭
2024-12-05 11:05:09,880 - E:\code\ingchips\upper_computer\AutoTestSerialTools\main.py[line:593] - DEBUG: 端口COM4已打开
2024-12-05 11:05:09,880 - E:\code\ingchips\upper_computer\AutoTestSerialTools\main.py[line:594] - DEBUG: DataBit---8
2024-12-05 11:05:09,880 - E:\code\ingchips\upper_computer\AutoTestSerialTools\main.py[line:595] - DEBUG: stopbits---1
2024-12-05 11:05:09,880 - E:\code\ingchips\upper_computer\AutoTestSerialTools\main.py[line:596] - DEBUG: Paritybits---N
2024-12-05 11:05:11,878 - E:\code\ingchips\upper_computer\AutoTestSerialTools\main.py[line:562] - DEBUG: 端口COM4已关闭
2024-12-05 11:05:18,795 - E:\code\ingchips\upper_computer\AutoTestSerialTools\main.py[line:566] - DEBUG: 端口COM4未打开
2024-12-05 11:05:19,635 - E:\code\ingchips\upper_computer\AutoTestSerialTools\main.py[line:593] - DEBUG: 端口COM4已打开
2024-12-05 11:05:19,636 - E:\code\ingchips\upper_computer\AutoTestSerialTools\main.py[line:594] - DEBUG: DataBit---8
2024-12-05 11:05:19,636 - E:\code\ingchips\upper_computer\AutoTestSerialTools\main.py[line:595] - DEBUG: stopbits---1
2024-12-05 11:05:19,636 - E:\code\ingchips\upper_computer\AutoTestSerialTools\main.py[line:596] - DEBUG: Paritybits---N
2024-12-05 11:05:22,401 - E:\code\ingchips\upper_computer\AutoTestSerialTools\main.py[line:562] - DEBUG: 端口COM4已关闭
2024-12-05 11:05:23,026 - E:\code\ingchips\upper_computer\AutoTestSerialTools\main.py[line:593] - DEBUG: 端口COM4已打开
2024-12-05 11:05:23,026 - E:\code\ingchips\upper_computer\AutoTestSerialTools\main.py[line:594] - DEBUG: DataBit---8
2024-12-05 11:05:23,026 - E:\code\ingchips\upper_computer\AutoTestSerialTools\main.py[line:595] - DEBUG: stopbits---1
2024-12-05 11:05:23,026 - E:\code\ingchips\upper_computer\AutoTestSerialTools\main.py[line:596] - DEBUG: Paritybits---N
2024-12-05 11:05:25,527 - E:\code\ingchips\upper_computer\AutoTestSerialTools\main.py[line:562] - DEBUG: 端口COM4已关闭
2024-12-05 11:05:26,696 - E:\code\ingchips\upper_computer\AutoTestSerialTools\main.py[line:593] - DEBUG: 端口COM4已打开
2024-12-05 11:05:26,696 - E:\code\ingchips\upper_computer\AutoTestSerialTools\main.py[line:594] - DEBUG: DataBit---8
2024-12-05 11:05:26,696 - E:\code\ingchips\upper_computer\AutoTestSerialTools\main.py[line:595] - DEBUG: stopbits---1
2024-12-05 11:05:26,696 - E:\code\ingchips\upper_computer\AutoTestSerialTools\main.py[line:596] - DEBUG: Paritybits---N
2024-12-05 11:05:30,302 - E:\code\ingchips\upper_computer\AutoTestSerialTools\main.py[line:562] - DEBUG: 端口COM4已关闭
2024-12-05 11:05:32,255 - E:\code\ingchips\upper_computer\AutoTestSerialTools\main.py[line:503] - DEBUG: 更换选中串口号:COM3
2024-12-05 11:05:32,885 - E:\code\ingchips\upper_computer\AutoTestSerialTools\main.py[line:619] - ERROR: 端口could not open port 'COM3': PermissionError(13, '拒绝访问。', None, 5)打开出错
2024-12-05 11:05:35,268 - E:\code\ingchips\upper_computer\AutoTestSerialTools\main.py[line:619] - ERROR: 端口could not open port 'COM3': PermissionError(13, '拒绝访问。', None, 5)打开出错
2024-12-05 11:05:37,555 - E:\code\ingchips\upper_computer\AutoTestSerialTools\main.py[line:619] - ERROR: 端口could not open port 'COM3': PermissionError(13, '拒绝访问。', None, 5)打开出错
2024-12-05 11:06:30,826 - E:\code\ingchips\upper_computer\AutoTestSerialTools\main.py[line:98] - DEBUG: 初始化主程序:
2024-12-05 11:06:32,869 - E:\code\ingchips\upper_computer\AutoTestSerialTools\main.py[line:313] - WARNING: No update_plan_builder available, returning empty plan.
2024-12-05 11:06:38,113 - E:\code\ingchips\upper_computer\AutoTestSerialTools\main.py[line:469] - DEBUG: 更新可用串口列表
2024-12-05 11:06:38,113 - E:\code\ingchips\upper_computer\AutoTestSerialTools\main.py[line:489] - DEBUG: 更新串口列表时间0.0s
2024-12-05 11:06:38,115 - E:\code\ingchips\upper_computer\AutoTestSerialTools\main.py[line:252] - DEBUG: 当前系统可用端口:[('COM3', 'JLink CDC UART Port (COM3)'), ('COM4', '蓝牙链接上的标准串行 (COM4)'), ('COM5', '蓝牙链接上的标准串行 (COM5)'), ('COM6', 'USB-SERIAL CH340 (COM6)'), ('COM8', 'USB-SERIAL CH340 (COM8)')]
2024-12-05 11:06:38,115 - E:\code\ingchips\upper_computer\AutoTestSerialTools\main.py[line:255] - DEBUG: 初始化主程序完成
2024-12-05 11:06:47,770 - E:\code\ingchips\upper_computer\AutoTestSerialTools\main.py[line:619] - ERROR: 端口exception: stack overflow打开出错
2024-12-05 11:06:51,497 - E:\code\ingchips\upper_computer\AutoTestSerialTools\main.py[line:566] - DEBUG: 端口COM3未打开
2024-12-05 11:07:47,974 - E:\code\ingchips\upper_computer\AutoTestSerialTools\main.py[line:98] - DEBUG: 初始化主程序:
2024-12-05 11:07:48,153 - E:\code\ingchips\upper_computer\AutoTestSerialTools\main.py[line:313] - WARNING: No update_plan_builder available, returning empty plan.
2024-12-05 11:07:53,374 - E:\code\ingchips\upper_computer\AutoTestSerialTools\main.py[line:469] - DEBUG: 更新可用串口列表
2024-12-05 11:07:53,374 - E:\code\ingchips\upper_computer\AutoTestSerialTools\main.py[line:489] - DEBUG: 更新串口列表时间0.0s
2024-12-05 11:07:53,374 - E:\code\ingchips\upper_computer\AutoTestSerialTools\main.py[line:252] - DEBUG: 当前系统可用端口:[('COM3', 'JLink CDC UART Port (COM3)'), ('COM4', '蓝牙链接上的标准串行 (COM4)'), ('COM5', '蓝牙链接上的标准串行 (COM5)'), ('COM6', 'USB-SERIAL CH340 (COM6)'), ('COM8', 'USB-SERIAL CH340 (COM8)')]
2024-12-05 11:07:53,375 - E:\code\ingchips\upper_computer\AutoTestSerialTools\main.py[line:255] - DEBUG: 初始化主程序完成
2024-12-05 11:08:03,119 - E:\code\ingchips\upper_computer\AutoTestSerialTools\main.py[line:614] - ERROR: 端口exception: stack overflow打开出错
2024-12-05 11:08:38,760 - E:\code\ingchips\upper_computer\AutoTestSerialTools\main.py[line:98] - DEBUG: 初始化主程序:
2024-12-05 11:08:38,985 - E:\code\ingchips\upper_computer\AutoTestSerialTools\main.py[line:313] - WARNING: No update_plan_builder available, returning empty plan.
2024-12-05 11:08:44,189 - E:\code\ingchips\upper_computer\AutoTestSerialTools\main.py[line:469] - DEBUG: 更新可用串口列表
2024-12-05 11:08:44,189 - E:\code\ingchips\upper_computer\AutoTestSerialTools\main.py[line:489] - DEBUG: 更新串口列表时间0.0s
2024-12-05 11:08:44,189 - E:\code\ingchips\upper_computer\AutoTestSerialTools\main.py[line:252] - DEBUG: 当前系统可用端口:[('COM3', 'JLink CDC UART Port (COM3)'), ('COM4', '蓝牙链接上的标准串行 (COM4)'), ('COM5', '蓝牙链接上的标准串行 (COM5)'), ('COM6', 'USB-SERIAL CH340 (COM6)'), ('COM8', 'USB-SERIAL CH340 (COM8)')]
2024-12-05 11:08:44,189 - E:\code\ingchips\upper_computer\AutoTestSerialTools\main.py[line:255] - DEBUG: 初始化主程序完成
2024-12-05 11:08:53,871 - E:\code\ingchips\upper_computer\AutoTestSerialTools\main.py[line:614] - ERROR: 端口exception: stack overflow打开出错
2024-12-05 14:37:12,143 - E:\code\ingchips\upper_computer\AutoTestSerialTools\main.py[line:98] - DEBUG: 初始化主程序:
2024-12-05 14:37:12,268 - E:\code\ingchips\upper_computer\AutoTestSerialTools\main.py[line:313] - WARNING: No update_plan_builder available, returning empty plan.
2024-12-05 14:37:12,275 - E:\code\ingchips\upper_computer\AutoTestSerialTools\main.py[line:469] - DEBUG: 更新可用串口列表
2024-12-05 14:37:12,275 - E:\code\ingchips\upper_computer\AutoTestSerialTools\main.py[line:489] - DEBUG: 更新串口列表时间0.0s
2024-12-05 14:37:12,275 - E:\code\ingchips\upper_computer\AutoTestSerialTools\main.py[line:252] - DEBUG: 当前系统可用端口:[('COM3', 'JLink CDC UART Port (COM3)'), ('COM4', '蓝牙链接上的标准串行 (COM4)'), ('COM5', '蓝牙链接上的标准串行 (COM5)'), ('COM6', 'USB-SERIAL CH340 (COM6)'), ('COM8', 'USB-SERIAL CH340 (COM8)')]
2024-12-05 14:37:12,275 - E:\code\ingchips\upper_computer\AutoTestSerialTools\main.py[line:255] - DEBUG: 初始化主程序完成
2024-12-05 14:37:21,820 - E:\code\ingchips\upper_computer\AutoTestSerialTools\main.py[line:614] - ERROR: 端口exception: stack overflow打开出错
2024-12-05 14:37:24,329 - E:\code\ingchips\upper_computer\AutoTestSerialTools\main.py[line:566] - DEBUG: 端口COM3未打开
2024-12-05 14:37:51,664 - E:\code\ingchips\upper_computer\AutoTestSerialTools\main.py[line:98] - DEBUG: 初始化主程序:
2024-12-05 14:37:51,838 - E:\code\ingchips\upper_computer\AutoTestSerialTools\main.py[line:313] - WARNING: No update_plan_builder available, returning empty plan.
2024-12-05 14:37:51,845 - E:\code\ingchips\upper_computer\AutoTestSerialTools\main.py[line:469] - DEBUG: 更新可用串口列表
2024-12-05 14:37:51,846 - E:\code\ingchips\upper_computer\AutoTestSerialTools\main.py[line:489] - DEBUG: 更新串口列表时间0.0010142326354980469s
2024-12-05 14:37:51,846 - E:\code\ingchips\upper_computer\AutoTestSerialTools\main.py[line:252] - DEBUG: 当前系统可用端口:[('COM3', 'JLink CDC UART Port (COM3)'), ('COM4', '蓝牙链接上的标准串行 (COM4)'), ('COM5', '蓝牙链接上的标准串行 (COM5)'), ('COM6', 'USB-SERIAL CH340 (COM6)'), ('COM8', 'USB-SERIAL CH340 (COM8)')]
2024-12-05 14:37:51,846 - E:\code\ingchips\upper_computer\AutoTestSerialTools\main.py[line:255] - DEBUG: 初始化主程序完成
2024-12-05 14:38:01,675 - E:\code\ingchips\upper_computer\AutoTestSerialTools\main.py[line:614] - ERROR: 端口exception: stack overflow打开出错
2024-12-05 14:38:05,051 - E:\code\ingchips\upper_computer\AutoTestSerialTools\main.py[line:503] - DEBUG: 更换选中串口号:COM8
2024-12-05 14:38:05,743 - E:\code\ingchips\upper_computer\AutoTestSerialTools\main.py[line:566] - DEBUG: 端口COM8未打开
2024-12-05 14:38:06,987 - E:\code\ingchips\upper_computer\AutoTestSerialTools\main.py[line:593] - DEBUG: 端口COM8已打开
2024-12-05 14:38:06,987 - E:\code\ingchips\upper_computer\AutoTestSerialTools\main.py[line:594] - DEBUG: DataBit---8
2024-12-05 14:38:06,987 - E:\code\ingchips\upper_computer\AutoTestSerialTools\main.py[line:595] - DEBUG: stopbits---1
2024-12-05 14:38:06,987 - E:\code\ingchips\upper_computer\AutoTestSerialTools\main.py[line:596] - DEBUG: Paritybits---N
2024-12-05 14:38:08,511 - E:\code\ingchips\upper_computer\AutoTestSerialTools\main.py[line:562] - DEBUG: 端口COM8已关闭
2024-12-05 14:38:10,146 - E:\code\ingchips\upper_computer\AutoTestSerialTools\main.py[line:503] - DEBUG: 更换选中串口号:COM3
2024-12-05 14:38:18,002 - E:\code\ingchips\upper_computer\AutoTestSerialTools\main.py[line:614] - ERROR: 端口Cannot configure port, something went wrong. Original message: OSError(22, '参数错误。', None, 87)打开出错
2024-12-05 14:38:22,719 - E:\code\ingchips\upper_computer\AutoTestSerialTools\main.py[line:566] - DEBUG: 端口COM3未打开
2024-12-05 14:38:23,252 - E:\code\ingchips\upper_computer\AutoTestSerialTools\main.py[line:593] - DEBUG: 端口COM3已打开
2024-12-05 14:38:23,252 - E:\code\ingchips\upper_computer\AutoTestSerialTools\main.py[line:594] - DEBUG: DataBit---8
2024-12-05 14:38:23,252 - E:\code\ingchips\upper_computer\AutoTestSerialTools\main.py[line:595] - DEBUG: stopbits---1
2024-12-05 14:38:23,252 - E:\code\ingchips\upper_computer\AutoTestSerialTools\main.py[line:596] - DEBUG: Paritybits---N
2024-12-05 14:38:25,064 - E:\code\ingchips\upper_computer\AutoTestSerialTools\main.py[line:562] - DEBUG: 端口COM3已关闭
2024-12-05 16:04:42,905 - E:\code\ingchips\upper_computer\AutoTestSerialTools\main.py[line:98] - DEBUG: 初始化主程序:
2024-12-05 16:04:43,117 - E:\code\ingchips\upper_computer\AutoTestSerialTools\main.py[line:313] - WARNING: No update_plan_builder available, returning empty plan.
2024-12-05 16:04:43,128 - E:\code\ingchips\upper_computer\AutoTestSerialTools\main.py[line:469] - DEBUG: 更新可用串口列表
2024-12-05 16:04:43,128 - E:\code\ingchips\upper_computer\AutoTestSerialTools\main.py[line:489] - DEBUG: 更新串口列表时间0.0s
2024-12-05 16:04:43,128 - E:\code\ingchips\upper_computer\AutoTestSerialTools\main.py[line:252] - DEBUG: 当前系统可用端口:[('COM3', 'JLink CDC UART Port (COM3)'), ('COM4', '蓝牙链接上的标准串行 (COM4)'), ('COM5', '蓝牙链接上的标准串行 (COM5)'), ('COM6', 'USB-SERIAL CH340 (COM6)'), ('COM8', 'USB-SERIAL CH340 (COM8)')]
2024-12-05 16:04:43,129 - E:\code\ingchips\upper_computer\AutoTestSerialTools\main.py[line:255] - DEBUG: 初始化主程序完成
2024-12-05 16:04:53,455 - E:\code\ingchips\upper_computer\AutoTestSerialTools\main.py[line:614] - ERROR: 端口exception: stack overflow打开出错
